#
# There is insufficient memory for the Java Runtime Environment to continue.
# Native memory allocation (mmap) failed to map 55574528 bytes for committing reserved memory.
# Possible reasons:
#   The system is out of physical RAM or swap space
#   In 32 bit mode, the process size limit was hit
# Possible solutions:
#   Reduce memory load on the system
#   Increase physical memory or swap space
#   Check if swap backing store is full
#   Use 64 bit Java on a 64 bit OS
#   Decrease Java heap size (-Xmx/-Xms)
#   Decrease number of Java threads
#   Decrease Java thread stack sizes (-Xss)
#   Set larger code cache with -XX:ReservedCodeCacheSize=
# This output file may be truncated or incomplete.
#
#  Out of Memory Error (os_linux.cpp:2640), pid=3593, tid=0x00007f23203c2700
#
# JRE version: OpenJDK Runtime Environment (8.0_152-b01) (build 1.8.0_152-release-915-b01)
# Java VM: OpenJDK 64-Bit Server VM (25.152-b01 mixed mode linux-amd64 compressed oops)
# Failed to write core dump. Core dumps have been disabled. To enable core dumping, try "ulimit -c unlimited" before starting Java again
#

---------------  T H R E A D  ---------------

Current thread (0x00007f231c078000):  VMThread [stack: 0x00007f23202c2000,0x00007f23203c3000] [id=3603]

Stack: [0x00007f23202c2000,0x00007f23203c3000],  sp=0x00007f23203c1520,  free space=1021k
Native frames: (J=compiled Java code, j=interpreted, Vv=VM code, C=native code)
V  [libjvm.so+0x9eb15d]  VMError::report_and_die()+0x15d
V  [libjvm.so+0x4b8eaa]  report_vm_out_of_memory(char const*, int, unsigned long, VMErrorType, char const*)+0x8a
V  [libjvm.so+0x851370]  os::pd_commit_memory(char*, unsigned long, unsigned long, bool)+0xf0
V  [libjvm.so+0x84be8f]  os::commit_memory(char*, unsigned long, unsigned long, bool)+0x1f
V  [libjvm.so+0x8c261b]  PSVirtualSpace::expand_by(unsigned long)+0x5b
V  [libjvm.so+0x8b33fb]  PSOldGen::expand_by(unsigned long) [clone .part.109]+0x1b
V  [libjvm.so+0x8b35bb]  PSOldGen::expand(unsigned long) [clone .part.111]+0xdb
V  [libjvm.so+0x8b3e98]  PSOldGen::resize(unsigned long)+0x188
V  [libjvm.so+0x8b94ac]  PSParallelCompact::invoke_no_policy(bool)+0x97c
V  [libjvm.so+0x8c05bd]  PSScavenge::invoke()+0x17d
V  [libjvm.so+0x9ece15]  VM_ParallelGCSystemGC::doit()+0xf5
V  [libjvm.so+0x9f1197]  VM_Operation::evaluate()+0x47
V  [libjvm.so+0x9efb78]  VMThread::evaluate_operation(VM_Operation*)+0x2c8
V  [libjvm.so+0x9efff9]  VMThread::loop()+0x219
V  [libjvm.so+0x9f0442]  VMThread::run()+0x72
V  [libjvm.so+0x84e792]  java_start(Thread*)+0xf2

VM_Operation (0x00007f22b1877180): ParallelGCSystemGC, mode: safepoint, requested by thread 0x00007f2288008800


---------------  P R O C E S S  ---------------

Java Threads: ( => current thread )
  0x00007f228c046800 JavaThread "pool-74-thread-4" [_thread_blocked, id=3771, stack(0x00007f22b064c000,0x00007f22b074d000)]
  0x00007f228c038000 JavaThread "pool-74-thread-3" [_thread_blocked, id=3770, stack(0x00007f22b084e000,0x00007f22b094f000)]
  0x00007f228c037000 JavaThread "pool-74-thread-2" [_thread_blocked, id=3769, stack(0x00007f22b094f000,0x00007f22b0a50000)]
  0x00007f228c01c000 JavaThread "pool-75-thread-1" [_thread_blocked, id=3768, stack(0x00007f22b165c000,0x00007f22b175d000)]
  0x00007f228c04c000 JavaThread "pool-74-thread-1" [_thread_blocked, id=3767, stack(0x00007f22b1359000,0x00007f22b145a000)]
  0x0000000001ae4800 JavaThread "pool-56-thread-4" [_thread_blocked, id=3752, stack(0x00007f22b0d53000,0x00007f22b0e54000)]
  0x0000000001aed800 JavaThread "pool-56-thread-3" [_thread_blocked, id=3751, stack(0x00007f22b145a000,0x00007f22b155b000)]
  0x0000000001ade000 JavaThread "pool-56-thread-2" [_thread_blocked, id=3750, stack(0x00007f22b1258000,0x00007f22b1359000)]
  0x0000000001aec000 JavaThread "pool-57-thread-1" [_thread_blocked, id=3748, stack(0x00007f22b0e54000,0x00007f22b0f55000)]
  0x0000000001ae9000 JavaThread "pool-56-thread-1" [_thread_blocked, id=3746, stack(0x00007f22b0146000,0x00007f22b0247000)]
  0x00007f228c041800 JavaThread "pool-33-thread-1" [_thread_blocked, id=3702, stack(0x00007f22b0c52000,0x00007f22b0d53000)]
  0x00007f228c045800 JavaThread "pool-32-thread-1" [_thread_blocked, id=3701, stack(0x00007f22b0f55000,0x00007f22b1056000)]
  0x00007f2288008800 JavaThread "pool-6-thread-4" [_thread_blocked, id=3657, stack(0x00007f22b1778000,0x00007f22b1879000)]
  0x00007f2298014000 JavaThread "pool-6-thread-3" [_thread_blocked, id=3656, stack(0x00007f22b1879000,0x00007f22b197a000)]
  0x00007f229c007800 JavaThread "pool-6-thread-2" [_thread_blocked, id=3655, stack(0x00007f22b197a000,0x00007f22b1a7b000)]
  0x00007f2294003800 JavaThread "pool-6-thread-1" [_thread_blocked, id=3654, stack(0x00007f22b1e7d000,0x00007f22b1f7e000)]
  0x00007f22c0b5b800 JavaThread "pool-3-thread-4" [_thread_blocked, id=3653, stack(0x00007f22b1d7c000,0x00007f22b1e7d000)]
  0x00007f22c0b5a800 JavaThread "pool-3-thread-3" [_thread_blocked, id=3652, stack(0x00007f22b1c7b000,0x00007f22b1d7c000)]
  0x00007f22c0b41800 JavaThread "pool-3-thread-2" [_thread_blocked, id=3651, stack(0x00007f22b1f7e000,0x00007f22b207f000)]
  0x00007f22c0b40800 JavaThread "pool-3-thread-1" [_thread_blocked, id=3650, stack(0x00007f22b207f000,0x00007f22b2180000)]
  0x00007f22c11d1800 JavaThread "Cache update executor" [_thread_blocked, id=3638, stack(0x00007f22b2580000,0x00007f22b2681000)]
  0x00007f22c01af800 JavaThread "File lock request listener" [_thread_in_native, id=3631, stack(0x00007f22d0046000,0x00007f22d0147000)]
  0x00007f22c0a5e000 JavaThread "process reaper" daemon [_thread_blocked, id=3630, stack(0x00007f22d0147000,0x00007f22d0180000)]
  0x00007f231cc9f000 JavaThread "pool-1-thread-1" [_thread_blocked, id=3624, stack(0x00007f22d07f9000,0x00007f22d08fa000)]
  0x00007f22c0009000 JavaThread "Stdin handler" [_thread_blocked, id=3623, stack(0x00007f22d08fa000,0x00007f22d09fb000)]
  0x00007f22c000b800 JavaThread "Asynchronous log dispatcher for DefaultDaemonConnection: socket connection from /127.0.0.1:39983 to /127.0.0.1:51286" [_thread_blocked, id=3622, stack(0x00007f22d09fb000,0x00007f22d0afc000)]
  0x00007f22c400f000 JavaThread "Daemon worker" [_thread_blocked, id=3619, stack(0x00007f22d0afc000,0x00007f22d0bfd000)]
  0x00007f22c400e000 JavaThread "Cancel handler" [_thread_blocked, id=3618, stack(0x00007f22d0bfd000,0x00007f22d0cfe000)]
  0x00007f22c4007800 JavaThread "Handler for socket connection from /127.0.0.1:39983 to /127.0.0.1:51286" [_thread_in_native, id=3617, stack(0x00007f22d0efe000,0x00007f22d0fff000)]
  0x00007f22cc014000 JavaThread "Daemon" [_thread_blocked, id=3616, stack(0x00007f22f8007000,0x00007f22f8108000)]
  0x00007f231cc3e000 JavaThread "Incoming local TCP Connector on port 39983" [_thread_in_native, id=3615, stack(0x00007f22f830f000,0x00007f22f8410000)]
  0x00007f231c0c1800 JavaThread "Service Thread" daemon [_thread_blocked, id=3610, stack(0x00007f230c822000,0x00007f230c923000)]
  0x00007f231c0be800 JavaThread "C1 CompilerThread2" daemon [_thread_blocked, id=3609, stack(0x00007f230c923000,0x00007f230ca24000)]
  0x00007f231c0bc800 JavaThread "C2 CompilerThread1" daemon [_thread_blocked, id=3608, stack(0x00007f230ca24000,0x00007f230cb25000)]
  0x00007f231c0b9800 JavaThread "C2 CompilerThread0" daemon [_thread_blocked, id=3607, stack(0x00007f230cb25000,0x00007f230cc26000)]
  0x00007f231c0b8800 JavaThread "Signal Dispatcher" daemon [_thread_blocked, id=3606, stack(0x00007f230cc26000,0x00007f230cd27000)]
  0x00007f231c084800 JavaThread "Finalizer" daemon [_thread_blocked, id=3605, stack(0x00007f23200c0000,0x00007f23201c1000)]
  0x00007f231c080000 JavaThread "Reference Handler" daemon [_thread_blocked, id=3604, stack(0x00007f23201c1000,0x00007f23202c2000)]
  0x00007f231c00a800 JavaThread "main" [_thread_blocked, id=3598, stack(0x00007f2325b60000,0x00007f2325c61000)]

Other Threads:
=>0x00007f231c078000 VMThread [stack: 0x00007f23202c2000,0x00007f23203c3000] [id=3603]
  0x00007f231c0c3800 WatcherThread [stack: 0x00007f230c721000,0x00007f230c822000] [id=3611]

VM state:at safepoint (normal execution)

VM Mutex/Monitor currently owned by a thread:  ([mutex/lock_event])
[0x00007f231c006960] ExpandHeap_lock - owner thread: 0x00007f231c078000
[0x00007f231c006fe0] Threads_lock - owner thread: 0x00007f231c078000
[0x00007f231c0074e0] Heap_lock - owner thread: 0x00007f2288008800

Heap:
 PSYoungGen      total 291840K, used 0K [0x00000000e0000000, 0x00000000f7a00000, 0x0000000100000000)
  eden space 240128K, 0% used [0x00000000e0000000,0x00000000e0000000,0x00000000eea80000)
  from space 51712K, 0% used [0x00000000eea80000,0x00000000eea80000,0x00000000f1d00000)
  to   space 53248K, 0% used [0x00000000f4600000,0x00000000f4600000,0x00000000f7a00000)
 ParOldGen       total 157696K, used 125099K [0x00000000a0000000, 0x00000000a9a00000, 0x00000000e0000000)
  object space 157696K, 79% used [0x00000000a0000000,0x00000000a7a2add8,0x00000000a9a00000)
 Metaspace       used 56728K, capacity 58754K, committed 58880K, reserved 1099776K
  class space    used 7483K, capacity 7856K, committed 7936K, reserved 1048576K

Card table byte_map: [0x00007f23226ee000,0x00007f23229ef000] byte_map_base: 0x00007f23221ee000

Marking Bits: (ParMarkBitMap*) 0x00007f23250323e0
 Begin Bits: [0x00007f22f9000000, 0x00007f22fa800000)
 End Bits:   [0x00007f22fa800000, 0x00007f22fc000000)

Polling page: 0x00007f2325c85000

CodeCache: size=245760Kb used=27500Kb max_used=27500Kb free=218259Kb
 bounds [0x00007f230d000000, 0x00007f230eb10000, 0x00007f231c000000]
 total_blobs=8896 nmethods=8130 adapters=679
 compilation: enabled

Compilation events (10 events):
Event: 44,066 Thread 0x00007f231c0be800 10245       3       com.android.dx.dex.file.AnnotationUtils::makeSignature (251 bytes)
Event: 44,069 Thread 0x00007f231c0be800 nmethod 10245 0x00007f230eb09790 code [0x00007f230eb09c00, 0x00007f230eb0c8a8]
Event: 44,069 Thread 0x00007f231c0be800 10246       2       com.android.dx.cf.attrib.AttEnclosingMethod::<init> (31 bytes)
Event: 44,070 Thread 0x00007f231c0be800 nmethod 10246 0x00007f230e68fa10 code [0x00007f230e68fb80, 0x00007f230e68fdc8]
Event: 44,079 Thread 0x00007f231c0be800 10247       2       java.util.concurrent.ConcurrentHashMap::compareComparables (27 bytes)
Event: 44,080 Thread 0x00007f231c0be800 nmethod 10247 0x00007f230da355d0 code [0x00007f230da35740, 0x00007f230da35928]
Event: 44,089 Thread 0x00007f231c0be800 10248       2       com.android.dx.dex.file.AnnotationUtils::makeCstArray (57 bytes)
Event: 44,090 Thread 0x00007f231c0be800 nmethod 10248 0x00007f230e753cd0 code [0x00007f230e753ee0, 0x00007f230e7546c8]
Event: 44,090 Thread 0x00007f231c0be800 10249       2       com.android.dx.rop.code.Rops::opCmpl (53 bytes)
Event: 44,091 Thread 0x00007f231c0be800 nmethod 10249 0x00007f230de555d0 code [0x00007f230de557a0, 0x00007f230de55c38]

GC Heap History (10 events):
Event: 41,199 GC heap after
Heap after GC invocations=29 (full 3):
 PSYoungGen      total 245760K, used 35816K [0x00000000e0000000, 0x00000000f4500000, 0x0000000100000000)
  eden space 209920K, 0% used [0x00000000e0000000,0x00000000e0000000,0x00000000ecd00000)
  from space 35840K, 99% used [0x00000000eff00000,0x00000000f21fa1a8,0x00000000f2200000)
  to   space 51200K, 0% used [0x00000000ecd00000,0x00000000ecd00000,0x00000000eff00000)
 ParOldGen       total 92160K, used 91756K [0x00000000a0000000, 0x00000000a5a00000, 0x00000000e0000000)
  object space 92160K, 99% used [0x00000000a0000000,0x00000000a599b218,0x00000000a5a00000)
 Metaspace       used 56331K, capacity 58370K, committed 58624K, reserved 1099776K
  class space    used 7483K, capacity 7856K, committed 7936K, reserved 1048576K
}
Event: 41,199 GC heap before
{Heap before GC invocations=30 (full 4):
 PSYoungGen      total 245760K, used 35816K [0x00000000e0000000, 0x00000000f4500000, 0x0000000100000000)
  eden space 209920K, 0% used [0x00000000e0000000,0x00000000e0000000,0x00000000ecd00000)
  from space 35840K, 99% used [0x00000000eff00000,0x00000000f21fa1a8,0x00000000f2200000)
  to   space 51200K, 0% used [0x00000000ecd00000,0x00000000ecd00000,0x00000000eff00000)
 ParOldGen       total 92160K, used 91756K [0x00000000a0000000, 0x00000000a5a00000, 0x00000000e0000000)
  object space 92160K, 99% used [0x00000000a0000000,0x00000000a599b218,0x00000000a5a00000)
 Metaspace       used 56331K, capacity 58370K, committed 58624K, reserved 1099776K
  class space    used 7483K, capacity 7856K, committed 7936K, reserved 1048576K
Event: 41,808 GC heap after
Heap after GC invocations=30 (full 4):
 PSYoungGen      total 245760K, used 23909K [0x00000000e0000000, 0x00000000f4500000, 0x0000000100000000)
  eden space 209920K, 0% used [0x00000000e0000000,0x00000000e0000000,0x00000000ecd00000)
  from space 35840K, 66% used [0x00000000eff00000,0x00000000f1659598,0x00000000f2200000)
  to   space 51200K, 0% used [0x00000000ecd00000,0x00000000ecd00000,0x00000000eff00000)
 ParOldGen       total 157184K, used 91842K [0x00000000a0000000, 0x00000000a9980000, 0x00000000e0000000)
  object space 157184K, 58% used [0x00000000a0000000,0x00000000a59b0b08,0x00000000a9980000)
 Metaspace       used 56331K, capacity 58370K, committed 58624K, reserved 1099776K
  class space    used 7483K, capacity 7856K, committed 7936K, reserved 1048576K
}
Event: 42,767 GC heap before
{Heap before GC invocations=31 (full 4):
 PSYoungGen      total 245760K, used 233829K [0x00000000e0000000, 0x00000000f4500000, 0x0000000100000000)
  eden space 209920K, 100% used [0x00000000e0000000,0x00000000ecd00000,0x00000000ecd00000)
  from space 35840K, 66% used [0x00000000eff00000,0x00000000f1659598,0x00000000f2200000)
  to   space 51200K, 0% used [0x00000000ecd00000,0x00000000ecd00000,0x00000000eff00000)
 ParOldGen       total 157184K, used 91842K [0x00000000a0000000, 0x00000000a9980000, 0x00000000e0000000)
  object space 157184K, 58% used [0x00000000a0000000,0x00000000a59b0b08,0x00000000a9980000)
 Metaspace       used 56622K, capacity 58626K, committed 58880K, reserved 1099776K
  class space    used 7483K, capacity 7856K, committed 7936K, reserved 1048576K
Event: 42,850 GC heap after
Heap after GC invocations=31 (full 4):
 PSYoungGen      total 261120K, used 25226K [0x00000000e0000000, 0x00000000f4e80000, 0x0000000100000000)
  eden space 209920K, 0% used [0x00000000e0000000,0x00000000e0000000,0x00000000ecd00000)
  from space 51200K, 49% used [0x00000000ecd00000,0x00000000ee5a2ac0,0x00000000eff00000)
  to   space 50688K, 0% used [0x00000000f1d00000,0x00000000f1d00000,0x00000000f4e80000)
 ParOldGen       total 157184K, used 106554K [0x00000000a0000000, 0x00000000a9980000, 0x00000000e0000000)
  object space 157184K, 67% used [0x00000000a0000000,0x00000000a680e930,0x00000000a9980000)
 Metaspace       used 56622K, capacity 58626K, committed 58880K, reserved 1099776K
  class space    used 7483K, capacity 7856K, committed 7936K, reserved 1048576K
}
Event: 43,474 GC heap before
{Heap before GC invocations=32 (full 4):
 PSYoungGen      total 261120K, used 235146K [0x00000000e0000000, 0x00000000f4e80000, 0x0000000100000000)
  eden space 209920K, 100% used [0x00000000e0000000,0x00000000ecd00000,0x00000000ecd00000)
  from space 51200K, 49% used [0x00000000ecd00000,0x00000000ee5a2ac0,0x00000000eff00000)
  to   space 50688K, 0% used [0x00000000f1d00000,0x00000000f1d00000,0x00000000f4e80000)
 ParOldGen       total 157184K, used 106554K [0x00000000a0000000, 0x00000000a9980000, 0x00000000e0000000)
  object space 157184K, 67% used [0x00000000a0000000,0x00000000a680e930,0x00000000a9980000)
 Metaspace       used 56701K, capacity 58754K, committed 58880K, reserved 1099776K
  class space    used 7483K, capacity 7856K, committed 7936K, reserved 1048576K
Event: 43,543 GC heap after
Heap after GC invocations=32 (full 4):
 PSYoungGen      total 290816K, used 29305K [0x00000000e0000000, 0x00000000f5280000, 0x0000000100000000)
  eden space 240128K, 0% used [0x00000000e0000000,0x00000000e0000000,0x00000000eea80000)
  from space 50688K, 57% used [0x00000000f1d00000,0x00000000f399e498,0x00000000f4e80000)
  to   space 51712K, 0% used [0x00000000eea80000,0x00000000eea80000,0x00000000f1d00000)
 ParOldGen       total 157184K, used 129395K [0x00000000a0000000, 0x00000000a9980000, 0x00000000e0000000)
  object space 157184K, 82% used [0x00000000a0000000,0x00000000a7e5ccb0,0x00000000a9980000)
 Metaspace       used 56701K, capacity 58754K, committed 58880K, reserved 1099776K
  class space    used 7483K, capacity 7856K, committed 7936K, reserved 1048576K
}
Event: 44,101 GC heap before
{Heap before GC invocations=33 (full 4):
 PSYoungGen      total 290816K, used 269433K [0x00000000e0000000, 0x00000000f5280000, 0x0000000100000000)
  eden space 240128K, 100% used [0x00000000e0000000,0x00000000eea80000,0x00000000eea80000)
  from space 50688K, 57% used [0x00000000f1d00000,0x00000000f399e498,0x00000000f4e80000)
  to   space 51712K, 0% used [0x00000000eea80000,0x00000000eea80000,0x00000000f1d00000)
 ParOldGen       total 157184K, used 131023K [0x00000000a0000000, 0x00000000a9980000, 0x00000000e0000000)
  object space 157184K, 83% used [0x00000000a0000000,0x00000000a7ff3ea8,0x00000000a9980000)
 Metaspace       used 56728K, capacity 58754K, committed 58880K, reserved 1099776K
  class space    used 7483K, capacity 7856K, committed 7936K, reserved 1048576K
Event: 44,176 GC heap after
Heap after GC invocations=33 (full 4):
 PSYoungGen      total 291840K, used 32999K [0x00000000e0000000, 0x00000000f7a00000, 0x0000000100000000)
  eden space 240128K, 0% used [0x00000000e0000000,0x00000000e0000000,0x00000000eea80000)
  from space 51712K, 63% used [0x00000000eea80000,0x00000000f0ab9fb0,0x00000000f1d00000)
  to   space 53248K, 0% used [0x00000000f4600000,0x00000000f4600000,0x00000000f7a00000)
 ParOldGen       total 157696K, used 157661K [0x00000000a0000000, 0x00000000a9a00000, 0x00000000e0000000)
  object space 157696K, 99% used [0x00000000a0000000,0x00000000a99f7798,0x00000000a9a00000)
 Metaspace       used 56728K, capacity 58754K, committed 58880K, reserved 1099776K
  class space    used 7483K, capacity 7856K, committed 7936K, reserved 1048576K
}
Event: 44,176 GC heap before
{Heap before GC invocations=34 (full 5):
 PSYoungGen      total 291840K, used 32999K [0x00000000e0000000, 0x00000000f7a00000, 0x0000000100000000)
  eden space 240128K, 0% used [0x00000000e0000000,0x00000000e0000000,0x00000000eea80000)
  from space 51712K, 63% used [0x00000000eea80000,0x00000000f0ab9fb0,0x00000000f1d00000)
  to   space 53248K, 0% used [0x00000000f4600000,0x00000000f4600000,0x00000000f7a00000)
 ParOldGen       total 157696K, used 157661K [0x00000000a0000000, 0x00000000a9a00000, 0x00000000e0000000)
  object space 157696K, 99% used [0x00000000a0000000,0x00000000a99f7798,0x00000000a9a00000)
 Metaspace       used 56728K, capacity 58754K, committed 58880K, reserved 1099776K
  class space    used 7483K, capacity 7856K, committed 7936K, reserved 1048576K

Deoptimization events (10 events):
Event: 40,753 Thread 0x00007f2298014000 Uncommon trap: reason=unstable_if action=reinterpret pc=0x00007f230db43300 method=com.android.dx.dex.code.OutputFinisher.hasLocalInfo(Lcom/android/dx/dex/code/DalvInsn;)Z @ 24
Event: 40,826 Thread 0x00007f228c03e800 Uncommon trap: reason=unstable_if action=reinterpret pc=0x00007f230d75ee90 method=java.util.HashMap.getNode(ILjava/lang/Object;)Ljava/util/HashMap$Node; @ 84
Event: 43,263 Thread 0x0000000001aed800 Uncommon trap: reason=unstable_if action=reinterpret pc=0x00007f230e843b50 method=java.util.concurrent.ConcurrentHashMap.putVal(Ljava/lang/Object;Ljava/lang/Object;Z)Ljava/lang/Object; @ 113
Event: 43,263 Thread 0x0000000001aed800 Uncommon trap: reason=unstable_if action=reinterpret pc=0x00007f230db4f110 method=java.util.concurrent.ConcurrentHashMap.transfer([Ljava/util/concurrent/ConcurrentHashMap$Node;[Ljava/util/concurrent/ConcurrentHashMap$Node;)V @ 34
Event: 43,264 Thread 0x0000000001aed800 Uncommon trap: reason=unstable_if action=reinterpret pc=0x00007f230db0a848 method=java.util.concurrent.ConcurrentHashMap.transfer([Ljava/util/concurrent/ConcurrentHashMap$Node;[Ljava/util/concurrent/ConcurrentHashMap$Node;)V @ 277
Event: 43,264 Thread 0x00007f229c007800 Uncommon trap: reason=unstable_if action=reinterpret pc=0x00007f230db4f148 method=java.util.concurrent.ConcurrentHashMap.transfer([Ljava/util/concurrent/ConcurrentHashMap$Node;[Ljava/util/concurrent/ConcurrentHashMap$Node;)V @ 277
Event: 43,264 Thread 0x00007f229c007800 Uncommon trap: reason=unstable_if action=reinterpret pc=0x00007f230e843c84 method=java.util.concurrent.ConcurrentHashMap.addCount(JI)V @ 168
Event: 43,264 Thread 0x00007f229c007800 Uncommon trap: reason=unstable_if action=reinterpret pc=0x00007f230d4662a8 method=java.util.concurrent.ConcurrentHashMap.get(Ljava/lang/Object;)Ljava/lang/Object; @ 86
Event: 43,755 Thread 0x00007f228c045800 Uncommon trap: reason=class_check action=maybe_recompile pc=0x00007f230ea29610 method=com.android.dx.ssa.SCCP.simulateBranch(Lcom/android/dx/ssa/SsaInsn;)V @ 145
Event: 44,037 Thread 0x0000000001ade000 Uncommon trap: reason=unstable_if action=reinterpret pc=0x00007f230d75d300 method=java.util.HashMap.getNode(ILjava/lang/Object;)Ljava/util/HashMap$Node; @ 84

Classes redefined (0 events):
No events

Internal exceptions (10 events):
Event: 34,659 Thread 0x00007f22c11d1800 Exception <a 'java/lang/NoSuchMethodError': <clinit>> (0x00000000e0c911b8) thrown at [/ssd/Android/AOSP-openjdk-git/jdk8u/hotspot/src/share/vm/prims/jni.cpp, line 1613]
Event: 37,594 Thread 0x00007f22c0b41800 Exception <a 'sun/nio/fs/UnixException'> (0x00000000e2c1b470) thrown at [/ssd/Android/AOSP-openjdk-git/jdk8u/hotspot/src/share/vm/prims/jni.cpp, line 709]
Event: 38,015 Thread 0x00007f228c041800 Implicit null exception at 0x00007f230d93bda1 to 0x00007f230d93c901
Event: 39,326 Thread 0x00007f22c0b40800 Exception <a 'sun/nio/fs/UnixException'> (0x00000000e1bf9728) thrown at [/ssd/Android/AOSP-openjdk-git/jdk8u/hotspot/src/share/vm/prims/jni.cpp, line 709]
Event: 39,358 Thread 0x00007f22c0b5a800 Exception <a 'sun/nio/fs/UnixException'> (0x00000000e21ab9d8) thrown at [/ssd/Android/AOSP-openjdk-git/jdk8u/hotspot/src/share/vm/prims/jni.cpp, line 709]
Event: 39,631 Thread 0x00007f22c0b41800 Exception <a 'sun/nio/fs/UnixException'> (0x00000000e63769e8) thrown at [/ssd/Android/AOSP-openjdk-git/jdk8u/hotspot/src/share/vm/prims/jni.cpp, line 709]
Event: 40,185 Thread 0x00007f22c0b40800 Exception <a 'sun/nio/fs/UnixException'> (0x00000000e4ed54b0) thrown at [/ssd/Android/AOSP-openjdk-git/jdk8u/hotspot/src/share/vm/prims/jni.cpp, line 709]
Event: 42,656 Thread 0x00007f22c0b5a800 Exception <a 'sun/nio/fs/UnixException'> (0x00000000ebda61d0) thrown at [/ssd/Android/AOSP-openjdk-git/jdk8u/hotspot/src/share/vm/prims/jni.cpp, line 709]
Event: 43,145 Thread 0x00007f22c0b5b800 Exception <a 'sun/nio/fs/UnixException'> (0x00000000e4fbb438) thrown at [/ssd/Android/AOSP-openjdk-git/jdk8u/hotspot/src/share/vm/prims/jni.cpp, line 709]
Event: 43,250 Thread 0x00007f22c0b5a800 Exception <a 'sun/nio/fs/UnixException'> (0x00000000e58aaae0) thrown at [/ssd/Android/AOSP-openjdk-git/jdk8u/hotspot/src/share/vm/prims/jni.cpp, line 709]

Events (10 events):
Event: 44,077 Thread 0x00007f2298014000 DEOPT UNPACKING pc=0x00007f230d047373 sp=0x00007f22b1977308 mode 0
Event: 44,082 Thread 0x00007f2288008800 DEOPT PACKING pc=0x00007f230e2c50e5 sp=0x00007f22b1876580
Event: 44,082 Thread 0x00007f2288008800 DEOPT UNPACKING pc=0x00007f230d047373 sp=0x00007f22b1876308 mode 0
Event: 44,083 Executing VM operation: ParallelGCFailedAllocation
Event: 44,085 Executing VM operation: ParallelGCFailedAllocation done
Event: 44,086 Thread 0x00007f228c04c000 DEOPT PACKING pc=0x00007f230e65e29e sp=0x00007f22b1458090
Event: 44,086 Thread 0x00007f228c04c000 DEOPT UNPACKING pc=0x00007f230d047373 sp=0x00007f22b1457e30 mode 0
Event: 44,090 Thread 0x00007f228c037000 DEOPT PACKING pc=0x00007f230e2b5a10 sp=0x00007f22b0a4df50
Event: 44,090 Thread 0x00007f228c037000 DEOPT UNPACKING pc=0x00007f230d047373 sp=0x00007f22b0a4dd50 mode 0
Event: 44,099 Executing VM operation: ParallelGCSystemGC


Dynamic libraries:
00400000-00401000 r-xp 00000000 08:05 5122822                            /home/tiago/Downloads/android-studio/jre/bin/java
00600000-00601000 r--p 00000000 08:05 5122822                            /home/tiago/Downloads/android-studio/jre/bin/java
00601000-00602000 rw-p 00001000 08:05 5122822                            /home/tiago/Downloads/android-studio/jre/bin/java
01ad5000-01b4a000 rw-p 00000000 00:00 0                                  [heap]
a0000000-a9a00000 rw-p 00000000 00:00 0 
acf00000-e0000000 ---p 00000000 00:00 0 
e0000000-f7a00000 rw-p 00000000 00:00 0 
f7a00000-100000000 ---p 00000000 00:00 0 
100000000-1007c0000 rw-p 00000000 00:00 0 
1007c0000-140000000 ---p 00000000 00:00 0 
7f2288000000-7f228802b000 rw-p 00000000 00:00 0 
7f228802b000-7f228c000000 ---p 00000000 00:00 0 
7f228c000000-7f228c135000 rw-p 00000000 00:00 0 
7f228c135000-7f2290000000 ---p 00000000 00:00 0 
7f2290000000-7f2290065000 rw-p 00000000 00:00 0 
7f2290065000-7f2294000000 ---p 00000000 00:00 0 
7f2294000000-7f2294021000 rw-p 00000000 00:00 0 
7f2294021000-7f2298000000 ---p 00000000 00:00 0 
7f2298000000-7f22980d8000 rw-p 00000000 00:00 0 
7f22980d8000-7f229c000000 ---p 00000000 00:00 0 
7f229c000000-7f229c021000 rw-p 00000000 00:00 0 
7f229c021000-7f22a0000000 ---p 00000000 00:00 0 
7f22a0000000-7f22a0021000 rw-p 00000000 00:00 0 
7f22a0021000-7f22a4000000 ---p 00000000 00:00 0 
7f22a4000000-7f22a4021000 rw-p 00000000 00:00 0 
7f22a4021000-7f22a8000000 ---p 00000000 00:00 0 
7f22a8000000-7f22a8021000 rw-p 00000000 00:00 0 
7f22a8021000-7f22ac000000 ---p 00000000 00:00 0 
7f22ac000000-7f22ac021000 rw-p 00000000 00:00 0 
7f22ac021000-7f22b0000000 ---p 00000000 00:00 0 
7f22b0146000-7f22b0149000 ---p 00000000 00:00 0 
7f22b0149000-7f22b0247000 rw-p 00000000 00:00 0 
7f22b0247000-7f22b024a000 ---p 00000000 00:00 0 
7f22b024a000-7f22b0348000 rw-p 00000000 00:00 0 
7f22b0348000-7f22b034b000 ---p 00000000 00:00 0 
7f22b034b000-7f22b0449000 rw-p 00000000 00:00 0 
7f22b044c000-7f22b060c000 rw-p 00000000 00:00 0 
7f22b060c000-7f22b064c000 ---p 00000000 00:00 0 
7f22b064c000-7f22b064f000 ---p 00000000 00:00 0 
7f22b064f000-7f22b074d000 rw-p 00000000 00:00 0 
7f22b074d000-7f22b0750000 ---p 00000000 00:00 0 
7f22b0750000-7f22b084e000 rw-p 00000000 00:00 0 
7f22b084e000-7f22b0851000 ---p 00000000 00:00 0 
7f22b0851000-7f22b094f000 rw-p 00000000 00:00 0 
7f22b094f000-7f22b0952000 ---p 00000000 00:00 0 
7f22b0952000-7f22b0a50000 rw-p 00000000 00:00 0 
7f22b0a50000-7f22b0a53000 ---p 00000000 00:00 0 
7f22b0a53000-7f22b0b51000 rw-p 00000000 00:00 0 
7f22b0b51000-7f22b0b54000 ---p 00000000 00:00 0 
7f22b0b54000-7f22b0c52000 rw-p 00000000 00:00 0 
7f22b0c52000-7f22b0c55000 ---p 00000000 00:00 0 
7f22b0c55000-7f22b0d53000 rw-p 00000000 00:00 0 
7f22b0d53000-7f22b0d56000 ---p 00000000 00:00 0 
7f22b0d56000-7f22b0e54000 rw-p 00000000 00:00 0 
7f22b0e54000-7f22b0e57000 ---p 00000000 00:00 0 
7f22b0e57000-7f22b0f55000 rw-p 00000000 00:00 0 
7f22b0f55000-7f22b0f58000 ---p 00000000 00:00 0 
7f22b0f58000-7f22b1056000 rw-p 00000000 00:00 0 
7f22b1056000-7f22b1059000 ---p 00000000 00:00 0 
7f22b1059000-7f22b1157000 rw-p 00000000 00:00 0 
7f22b1157000-7f22b115a000 ---p 00000000 00:00 0 
7f22b115a000-7f22b1258000 rw-p 00000000 00:00 0 
7f22b1258000-7f22b125b000 ---p 00000000 00:00 0 
7f22b125b000-7f22b1359000 rw-p 00000000 00:00 0 
7f22b1359000-7f22b135c000 ---p 00000000 00:00 0 
7f22b135c000-7f22b145a000 rw-p 00000000 00:00 0 
7f22b145a000-7f22b145d000 ---p 00000000 00:00 0 
7f22b145d000-7f22b155b000 rw-p 00000000 00:00 0 
7f22b155b000-7f22b155e000 ---p 00000000 00:00 0 
7f22b155e000-7f22b165c000 rw-p 00000000 00:00 0 
7f22b165c000-7f22b165f000 ---p 00000000 00:00 0 
7f22b165f000-7f22b175d000 rw-p 00000000 00:00 0 
7f22b176b000-7f22b1773000 r--s 00048000 08:05 6175816                    /home/tiago/.android/build-cache/9bb4ba99702f83444ab5d782b26fe53dc44901f1/output/jars/classes.jar
7f22b1773000-7f22b1778000 r--s 0003c000 08:05 6175718                    /home/tiago/.android/build-cache/a051771e117db076bae472eb9935cd2d38a2bb00/output/jars/classes.jar
7f22b1778000-7f22b177b000 ---p 00000000 00:00 0 
7f22b177b000-7f22b1879000 rw-p 00000000 00:00 0 
7f22b1879000-7f22b187c000 ---p 00000000 00:00 0 
7f22b187c000-7f22b197a000 rw-p 00000000 00:00 0 
7f22b197a000-7f22b197d000 ---p 00000000 00:00 0 
7f22b197d000-7f22b1c7b000 rw-p 00000000 00:00 0 
7f22b1c7b000-7f22b1c7e000 ---p 00000000 00:00 0 
7f22b1c7e000-7f22b1d7c000 rw-p 00000000 00:00 0 
7f22b1d7c000-7f22b1d7f000 ---p 00000000 00:00 0 
7f22b1d7f000-7f22b1e7d000 rw-p 00000000 00:00 0 
7f22b1e7d000-7f22b1e80000 ---p 00000000 00:00 0 
7f22b1e80000-7f22b1f7e000 rw-p 00000000 00:00 0 
7f22b1f7e000-7f22b1f81000 ---p 00000000 00:00 0 
7f22b1f81000-7f22b207f000 rw-p 00000000 00:00 0 
7f22b207f000-7f22b2082000 ---p 00000000 00:00 0 
7f22b2082000-7f22b2380000 rw-p 00000000 00:00 0 
7f22b2380000-7f22b2580000 rw-p 00000000 00:00 0 
7f22b2580000-7f22b2583000 ---p 00000000 00:00 0 
7f22b2583000-7f22b2881000 rw-p 00000000 00:00 0 
7f22b2881000-7f22b2a81000 rw-p 00000000 00:00 0 
7f22b2a81000-7f22b2c81000 rw-p 00000000 00:00 0 
7f22b2c81000-7f22b2c93000 r--s 00345000 08:05 4856092                    /home/tiago/Downloads/android-studio/jre/jre/lib/resources.jar
7f22b2c93000-7f22b2e93000 rw-p 00000000 00:00 0 
7f22b2e93000-7f22b3093000 rw-p 00000000 00:00 0 
7f22b3093000-7f22b3293000 rw-p 00000000 00:00 0 
7f22b3293000-7f22b3493000 rw-p 00000000 00:00 0 
7f22b3493000-7f22b3693000 rw-p 00000000 00:00 0 
7f22b3693000-7f22b3694000 r--s 00001000 08:05 797511                     /home/tiago/.gradle/caches/modules-2/files-2.1/com.android.tools/annotations/25.3.3/6c1474def63de173b5acb7bbe85b03596294c1fc/annotations-25.3.3.jar
7f22b3694000-7f22b369c000 r--s 000a8000 08:05 5682286                    /home/tiago/.gradle/caches/jars-2/lp0h431tl0554nh1vx6zomcvteflkp/lombok-ast-0.2.3.jar
7f22b369c000-7f22b36b0000 r--s 000b4000 08:05 5682284                    /home/tiago/.gradle/caches/jars-2/7682nody35wsjqnklov3jqpwo1sfnyr/uast-162.2228.14.jar
7f22b36b0000-7f22b36b2000 r--s 0000d000 08:05 5682282                    /home/tiago/.gradle/caches/jars-2/7pwz1bowgakb1eux9ezb56jlturgsyi/commons-codec-1.4.jar
7f22b36b2000-7f22b36b4000 r--s 0000d000 08:05 5682280                    /home/tiago/.gradle/caches/jars-2/9dj1m0eyooi5qt13735vz8fpkl3cnfy/commons-logging-1.1.1.jar
7f22b36b4000-7f22b36b9000 r--s 00028000 08:05 5682278                    /home/tiago/.gradle/caches/jars-2/62lv0fe9b3xbqe57f6ljy5upwi7mf6k/httpcore-4.1.jar
7f22b36b9000-7f22b36bd000 r--s 0002f000 08:05 5682276                    /home/tiago/.gradle/caches/jars-2/gsg5n52frsvw6sx0swqqe2hwijwdcf0/jimfs-1.1.jar
7f22b36bd000-7f22b36be000 r--s 00004000 08:05 5682274                    /home/tiago/.gradle/caches/jars-2/lxs252id0979odjrerlctkb26c2vj95/annotations-12.0.jar
7f22b36be000-7f22b36bf000 r--s 00004000 08:05 5682272                    /home/tiago/.gradle/caches/jars-2/9kn99dr0rulyl67sct1ephwcop56l61/asm-analysis-5.0.4.jar
7f22b36bf000-7f22b36c3000 r--s 00040000 08:05 797510                     /home/tiago/.gradle/caches/modules-2/files-2.1/com.android.tools.lint/lint-api/25.3.3/69cae507e0ecd0c3f2817cbde7667cfc09455b8f/lint-api-25.3.3.jar
7f22b36c3000-7f22b36c4000 r--s 0000a000 08:05 5682270                    /home/tiago/.gradle/caches/jars-2/nwyg9io65lv6jvmwit2wq82xnnxd7ia/kxml2-2.3.0.jar
7f22b36c4000-7f22b36c6000 r--s 00005000 08:05 5682268                    /home/tiago/.gradle/caches/jars-2/i6hc1uuj8e9ck59slmzdyz78ydn8sr6/httpmime-4.1.jar
7f22b36c6000-7f22b36ce000 r--s 0004e000 08:05 5682266                    /home/tiago/.gradle/caches/jars-2/7503wa5irssz0xxahv1xb82p2dl7rr2/httpclient-4.1.1.jar
7f22b36ce000-7f22b36d5000 r--s 00053000 08:05 5682264                    /home/tiago/.gradle/caches/jars-2/jgkfvs4eqggj7qsyw1f5d3up57hanj1/commons-compress-1.8.1.jar
7f22b36d5000-7f22b36da000 r--s 0002a000 08:05 5682262                    /home/tiago/.gradle/caches/jars-2/je8f027qcr1z1egw08byp1ybxbp9kko/gson-2.2.4.jar
7f22b36da000-7f22b36df000 r--s 0002e000 08:05 797509                     /home/tiago/.gradle/caches/modules-2/files-2.1/com.android.tools/repository/25.3.3/f0ab4106aa02cf354712a1ee0e3abfd002c4cf4d/repository-25.3.3.jar
7f22b36df000-7f22b36e1000 r--s 00006000 08:05 797508                     /home/tiago/.gradle/caches/modules-2/files-2.1/com.android.tools/dvlib/25.3.3/7883888a1e9f8c78580148d0c32f0261459f8d8e/dvlib-25.3.3.jar
7f22b36e1000-7f22b36e3000 r--s 00013000 08:05 797507                     /home/tiago/.gradle/caches/modules-2/files-2.1/com.android.tools.layoutlib/layoutlib-api/25.3.3/efb8549f2080bfb6a4725000fc406da2a0d6e405/layoutlib-api-25.3.3.jar
7f22b36e3000-7f22b36e7000 r--s 00037000 08:05 5682260                    /home/tiago/.gradle/caches/jars-2/16imn6u4nj5tggtw08brg8ln6w1enac/ST4-4.0.8.jar
7f22b36e7000-7f22b36ea000 r--s 00026000 08:05 5682258                    /home/tiago/.gradle/caches/jars-2/o0n4nddbiyske4o63eedy6axiv9r8xp/antlr-runtime-3.5.2.jar
7f22b36ea000-7f22b36ef000 r--s 00058000 08:05 5682256                    /home/tiago/.gradle/caches/jars-2/st159835qgxm0l87oqrnhayxos4lc1n/asm-debug-all-5.0.1.jar
7f22b36ef000-7f22b36ff000 r--s 000d5000 08:05 5682254                    /home/tiago/.gradle/caches/jars-2/qzf32gp9kej4w4hlbabft6tplu74cj3/proguard-base-5.3.2.jar
7f22b36ff000-7f22b3702000 r--s 00033000 08:05 5682252                    /home/tiago/.gradle/caches/jars-2/nz9sndmr8b4xbj4xulkaciy5kdbyfiz/juniversalchardet-1.0.3.jar
7f22b3702000-7f22b3706000 r--s 0002a000 08:05 5682250                    /home/tiago/.gradle/caches/jars-2/krbpn9xjn1qymukyx8cc5l799ty1v3h/commons-io-2.4.jar
7f22b3706000-7f22b371d000 r--s 00154000 08:05 5682248                    /home/tiago/.gradle/caches/jars-2/sfeivjswzitn6n0fnjx3ueszz8gv8o1/antlr4-4.5.3.jar
7f22b371d000-7f22b371f000 r--s 00002000 08:05 797506                     /home/tiago/.gradle/caches/modules-2/files-2.1/com.android.databinding/baseLibrary/2.3.3/eb3399988a52099b0127e27fb5bed666eca86ace/baseLibrary-2.3.3.jar
7f22b371f000-7f22b374a000 r--s 001fc000 08:05 5682246                    /home/tiago/.gradle/caches/jars-2/nxjrjftly2xksl8o0wqgivu5netfu2x/guava-18.0.jar
7f22b374a000-7f22b375d000 r--s 00241000 08:05 5682244                    /home/tiago/.gradle/caches/jars-2/9yuekvg4qerfitq3xec0iyckuw3hwaq/ecj-4.6.1.jar
7f22b375d000-7f22b3764000 r--s 000d9000 08:05 797505                     /home/tiago/.gradle/caches/modules-2/files-2.1/com.android.tools.lint/lint-checks/25.3.3/5a6b3823b59ba46496453da5f86fdb5664edaf43/lint-checks-25.3.3.jar
7f22b3764000-7f22b3766000 r--s 00006000 08:05 5682242                    /home/tiago/.gradle/caches/jars-2/6phgj9ki3jl3p5epzkqoo8pr6kur40b/asm-tree-5.0.4.jar
7f22b3766000-7f22b3799000 r--s 00203000 08:05 5682240                    /home/tiago/.gradle/caches/jars-2/hj0bfvxu9cq7hkwmecvp0kg137or3hh/bcprov-jdk15on-1.48.jar
7f22b3799000-7f22b37a7000 r--s 00081000 08:05 5682238                    /home/tiago/.gradle/caches/jars-2/4r7xli0tz94y0wfjrdyjxlxar3g1pb9/bcpkix-jdk15on-1.48.jar
7f22b37a7000-7f22b37a9000 r--s 00002000 08:05 5682236                    /home/tiago/.gradle/caches/jars-2/f32bh5uivuf69ecz2j8hl96ksnqdh7v/javawriter-2.5.0.jar
7f22b37a9000-7f22b37ab000 r--s 00004000 08:05 797504                     /home/tiago/.gradle/caches/modules-2/files-2.1/com.android.tools.analytics-library/tracker/25.3.3/a4448e7a533c1d068a07da9a388fe499c1593b6a/tracker-25.3.3.jar
7f22b37ab000-7f22b37ac000 r--s 00005000 08:05 797503                     /home/tiago/.gradle/caches/modules-2/files-2.1/com.android.tools.analytics-library/shared/25.3.3/291cdfaac8a965df5452d66ea7ec597e81d6008a/shared-25.3.3.jar
7f22b37ac000-7f22b37ba000 r--s 00147000 08:05 797502                     /home/tiago/.gradle/caches/modules-2/files-2.1/com.android.tools.analytics-library/protos/25.3.3/e6783d6c41bd9e52c826bf3e92a8f3fc00ed1093/protos-25.3.3.jar
7f22b37ba000-7f22b37bb000 r--s 00001000 08:05 5682234                    /home/tiago/.gradle/caches/jars-2/dbhsnf8ckcf1lxugi57zj434jb2592o/jill-api-0.10.0.jar
7f22b37bb000-7f22b37bd000 r--s 00003000 08:05 5682232                    /home/tiago/.gradle/caches/jars-2/f4s3pmkhoui7kcuv95km9eg7385sg6a/jack-api-0.13.0.jar
7f22b37bd000-7f22b37c3000 r--s 0004a000 08:05 797501                     /home/tiago/.gradle/caches/modules-2/files-2.1/com.android.tools.ddms/ddmlib/25.3.3/7f26233ca08015988c925f4cfaa87b3ea615b310/ddmlib-25.3.3.jar
7f22b37c3000-7f22b37c6000 r--s 00022000 08:05 797500                     /home/tiago/.gradle/caches/modules-2/files-2.1/com.android.tools.build/manifest-merger/25.3.3/5784f5b3d8813aafa0ac8938d493a7e800d80e7b/manifest-merger-25.3.3.jar
7f22b37c6000-7f22b37c9000 r--s 0001c000 08:05 797499                     /home/tiago/.gradle/caches/modules-2/files-2.1/com.android.tools/common/25.3.3/b549ae6ded62a4408f48c602279c83255b9b95e6/common-25.3.3.jar
7f22b37c9000-7f22b37d2000 r--s 00089000 08:05 797498                     /home/tiago/.gradle/caches/modules-2/files-2.1/com.android.tools/sdk-common/25.3.3/bc87eae04486cb16eebd0b2db3a067977fd6a784/sdk-common-25.3.3.jar
7f22b37d2000-7f22b37dc000 r--s 00098000 08:05 797497                     /home/tiago/.gradle/caches/modules-2/files-2.1/com.android.tools/sdklib/25.3.3/131aeb4b4bb637dd7c634c6ef89dd89e3acf39c2/sdklib-25.3.3.jar
7f22b37dc000-7f22b37df000 r--s 00006000 08:05 797495                     /home/tiago/.gradle/caches/modules-2/files-2.1/com.android.tools.build/builder-model/2.3.3/d2d2d56a8dbd830a172b0917dfda87fdda9c6393/builder-model-2.3.3.jar
7f22b37df000-7f22b37e9000 r--s 00110000 08:05 5682230                    /home/tiago/.gradle/caches/jars-2/myya4nl9802jr3d1kog1duo67r5o02s/antlr-3.5.2.jar
7f22b37e9000-7f22b37f8000 r--s 00130000 08:05 5682228                    /home/tiago/.gradle/caches/jars-2/cr6zkqpx14lor9zdtmo49qpc7y8r8p4/protobuf-java-3.0.0.jar
7f22b37f8000-7f22b37fc000 r--s 0001f000 08:05 5682224                    /home/tiago/.gradle/caches/jars-2/nq3fzqkrrm37ob61z4iu5qdbh368uat/org.jacoco.report-0.7.5.201505241946.jar
7f22b37fc000-7f22b3800000 r--s 0001d000 08:05 5682222                    /home/tiago/.gradle/caches/jars-2/3kxkmcckmk40ron92zhbm0qjo9l4bkl/org.jacoco.core-0.7.5.201505241946.jar
7f22b3800000-7f22b3a00000 rw-p 00000000 00:00 0 
7f22b3a00000-7f22b3c00000 rw-p 00000000 00:00 0 
7f22b3c00000-7f22b3e00000 rw-p 00000000 00:00 0 
7f22b3e00000-7f22b4000000 rw-p 00000000 00:00 0 
7f22b4000000-7f22b4021000 rw-p 00000000 00:00 0 
7f22b4021000-7f22b8000000 ---p 00000000 00:00 0 
7f22b8000000-7f22b8021000 rw-p 00000000 00:00 0 
7f22b8021000-7f22bc000000 ---p 00000000 00:00 0 
7f22bc000000-7f22bc021000 rw-p 00000000 00:00 0 
7f22bc021000-7f22c0000000 ---p 00000000 00:00 0 
7f22c0000000-7f22c1365000 rw-p 00000000 00:00 0 
7f22c1365000-7f22c4000000 ---p 00000000 00:00 0 
7f22c4000000-7f22c4022000 rw-p 00000000 00:00 0 
7f22c4022000-7f22c8000000 ---p 00000000 00:00 0 
7f22c8000000-7f22c8021000 rw-p 00000000 00:00 0 
7f22c8021000-7f22cc000000 ---p 00000000 00:00 0 
7f22cc000000-7f22cc06f000 rw-p 00000000 00:00 0 
7f22cc06f000-7f22d0000000 ---p 00000000 00:00 0 
7f22d0000000-7f22d0001000 r--s 00002000 08:05 797496                     /home/tiago/.gradle/caches/modules-2/files-2.1/com.android.tools.build/builder-test-api/2.3.3/257ee44641dca594f94c00aa252626347a84ff72/builder-test-api-2.3.3.jar
7f22d0001000-7f22d0003000 r--s 0000f000 08:05 5682226                    /home/tiago/.gradle/caches/jars-2/rvfyugrlu5tbpz51p98og0qsxamjq4k/jopt-simple-4.9.jar
7f22d0003000-7f22d0005000 r--s 00002000 08:05 5682220                    /home/tiago/.gradle/caches/jars-2/m4m0pzb4gmaeh0in5g2xc4bxeuwt828/proguard-gradle-5.3.2.jar
7f22d0005000-7f22d0007000 r--s 00009000 08:05 5682218                    /home/tiago/.gradle/caches/jars-2/ajvcvdu66lc9e3tvvipxtuq48i9bbkc/asm-commons-5.0.4.jar
7f22d0007000-7f22d000c000 r--s 0002c000 08:05 797494                     /home/tiago/.gradle/caches/modules-2/files-2.1/com.android.databinding/compilerCommon/2.3.3/1f0e06d55f3f72f3192b6e026d9a5a557d9e2ea6/compilerCommon-2.3.3.jar
7f22d000c000-7f22d0011000 r--s 0005e000 08:05 797492                     /home/tiago/.gradle/caches/modules-2/files-2.1/com.android.tools.lint/lint/25.3.3/abea61fde3e912a71fc1ce6c43e383533f6824b9/lint-25.3.3.jar
7f22d0011000-7f22d0027000 r--s 00163000 08:05 797491                     /home/tiago/.gradle/caches/modules-2/files-2.1/com.android.tools.build/builder/2.3.3/cd1759718adfce446c850a616dfac9f5863459a0/builder-2.3.3.jar
7f22d0027000-7f22d0046000 r--s 001ca000 08:05 797490                     /home/tiago/.gradle/caches/modules-2/files-2.1/com.android.tools.build/gradle-core/2.3.3/2e96c3750f040fb0e48f4346c29b3924fe0dae08/gradle-core-2.3.3.jar
7f22d0046000-7f22d0049000 ---p 00000000 00:00 0 
7f22d0049000-7f22d0147000 rw-p 00000000 00:00 0 
7f22d0147000-7f22d014a000 ---p 00000000 00:00 0 
7f22d014a000-7f22d0380000 rw-p 00000000 00:00 0 
7f22d0380000-7f22d0580000 rw-p 00000000 00:00 0 
7f22d0580000-7f22d05f9000 r--s 010fd000 08:05 4856049                    /home/tiago/Downloads/android-studio/jre/lib/tools.jar
7f22d05f9000-7f22d07f9000 rw-p 00000000 00:00 0 
7f22d07f9000-7f22d07fc000 ---p 00000000 00:00 0 
7f22d07fc000-7f22d08fa000 rw-p 00000000 00:00 0 
7f22d08fa000-7f22d08fd000 ---p 00000000 00:00 0 
7f22d08fd000-7f22d09fb000 rw-p 00000000 00:00 0 
7f22d09fb000-7f22d09fe000 ---p 00000000 00:00 0 
7f22d09fe000-7f22d0afc000 rw-p 00000000 00:00 0 
7f22d0afc000-7f22d0aff000 ---p 00000000 00:00 0 
7f22d0aff000-7f22d0bfd000 rw-p 00000000 00:00 0 
7f22d0bfd000-7f22d0c00000 ---p 00000000 00:00 0 
7f22d0c00000-7f22d0efe000 rw-p 00000000 00:00 0 
7f22d0efe000-7f22d0f01000 ---p 00000000 00:00 0 
7f22d0f01000-7f22d4000000 rw-p 00000000 00:00 0 
7f22d4000000-7f22d4021000 rw-p 00000000 00:00 0 
7f22d4021000-7f22d8000000 ---p 00000000 00:00 0 
7f22d8000000-7f22d8021000 rw-p 00000000 00:00 0 
7f22d8021000-7f22dc000000 ---p 00000000 00:00 0 
7f22dc000000-7f22de081000 rw-p 00000000 00:00 0 
7f22de081000-7f22e0000000 ---p 00000000 00:00 0 
7f22e0000000-7f22e109e000 rw-p 00000000 00:00 0 
7f22e109e000-7f22e4000000 ---p 00000000 00:00 0 
7f22e4000000-7f22e4021000 rw-p 00000000 00:00 0 
7f22e4021000-7f22e8000000 ---p 00000000 00:00 0 
7f22e8000000-7f22eac40000 rw-p 00000000 00:00 0 
7f22eac40000-7f22ec000000 ---p 00000000 00:00 0 
7f22ec000000-7f22ec021000 rw-p 00000000 00:00 0 
7f22ec021000-7f22f0000000 ---p 00000000 00:00 0 
7f22f0000000-7f22f0021000 rw-p 00000000 00:00 0 
7f22f0021000-7f22f4000000 ---p 00000000 00:00 0 
7f22f4000000-7f22f4291000 rw-p 00000000 00:00 0 
7f22f4291000-7f22f8000000 ---p 00000000 00:00 0 
7f22f8000000-7f22f8002000 r--s 0000c000 08:05 5535653                    /home/tiago/.gradle/caches/jars-2/1laz1ygmxoc408r7nwqs1q8uk8r236d/asm-5.0.4.jar
7f22f8002000-7f22f8003000 r--s 00002000 08:05 797493                     /home/tiago/.gradle/caches/modules-2/files-2.1/com.android.tools.build/gradle-api/2.3.3/3cc748d05ade0e279690b535e28d22fdf4341ada/gradle-api-2.3.3.jar
7f22f8003000-7f22f8004000 r--s 00000000 08:05 5535651                    /home/tiago/.gradle/caches/jars-2/8o5zm4b1gpqfg2847x11a0d52d5vseq/transform-api-2.0.0-deprecated-use-gradle-api.jar
7f22f8004000-7f22f8006000 r--s 0000d000 08:05 797489                     /home/tiago/.gradle/caches/modules-2/files-2.1/com.android.tools.build/gradle/2.3.3/f73080687a2488471a668ee37df38aa19a63e5da/gradle-2.3.3.jar
7f22f8006000-7f22f8007000 r--p 00000000 00:00 0 
7f22f8007000-7f22f800a000 ---p 00000000 00:00 0 
7f22f800a000-7f22f8108000 rw-p 00000000 00:00 0 
7f22f8108000-7f22f810f000 r--s 00000000 08:05 3676986                    /usr/lib/x86_64-linux-gnu/gconv/gconv-modules.cache
7f22f810f000-7f22f830f000 rw-p 00000000 00:00 0 
7f22f830f000-7f22f8312000 ---p 00000000 00:00 0 
7f22f8312000-7f22f8410000 rw-p 00000000 00:00 0 
7f22f8410000-7f22f8419000 r-xp 00000000 08:05 6039365                    /home/tiago/Downloads/android-studio/jre/jre/lib/amd64/libmanagement.so
7f22f8419000-7f22f8618000 ---p 00009000 08:05 6039365                    /home/tiago/Downloads/android-studio/jre/jre/lib/amd64/libmanagement.so
7f22f8618000-7f22f8619000 r--p 00008000 08:05 6039365                    /home/tiago/Downloads/android-studio/jre/jre/lib/amd64/libmanagement.so
7f22f8619000-7f22f861a000 rw-p 00009000 08:05 6039365                    /home/tiago/Downloads/android-studio/jre/jre/lib/amd64/libmanagement.so
7f22f861a000-7f22f861f000 r--s 0009a000 08:05 4856178                    /home/tiago/Downloads/android-studio/jre/jre/lib/jsse.jar
7f22f861f000-7f22f8621000 r--s 00007000 08:05 796898                     /home/tiago/.gradle/wrapper/dists/gradle-3.3-all/55gk2rcmfc6p2dg9u9ohc3hw9/gradle-3.3/lib/plugins/gradle-tooling-api-builders-3.3.jar
7f22f8621000-7f22f8624000 r--s 00009000 08:05 796257                     /home/tiago/.gradle/wrapper/dists/gradle-3.3-all/55gk2rcmfc6p2dg9u9ohc3hw9/gradle-3.3/lib/plugins/gradle-testing-native-3.3.jar
7f22f8624000-7f22f862a000 r--s 00033000 08:05 797005                     /home/tiago/.gradle/wrapper/dists/gradle-3.3-all/55gk2rcmfc6p2dg9u9ohc3hw9/gradle-3.3/lib/plugins/snakeyaml-1.6.jar
7f22f862a000-7f22f862c000 r--s 00006000 08:05 797004                     /home/tiago/.gradle/wrapper/dists/gradle-3.3-all/55gk2rcmfc6p2dg9u9ohc3hw9/gradle-3.3/lib/plugins/jcommander-1.12.jar
7f22f862c000-7f22f8631000 r--s 00040000 08:05 797003                     /home/tiago/.gradle/wrapper/dists/gradle-3.3-all/55gk2rcmfc6p2dg9u9ohc3hw9/gradle-3.3/lib/plugins/bsh-2.0b4.jar
7f22f8631000-7f22f8633000 r--s 00009000 08:05 797011                     /home/tiago/.gradle/wrapper/dists/gradle-3.3-all/55gk2rcmfc6p2dg9u9ohc3hw9/gradle-3.3/lib/plugins/hamcrest-core-1.3.jar
7f22f8633000-7f22f863c000 r--s 00089000 08:05 796962                     /home/tiago/.gradle/wrapper/dists/gradle-3.3-all/55gk2rcmfc6p2dg9u9ohc3hw9/gradle-3.3/lib/plugins/testng-6.3.1.jar
7f22f863c000-7f22f8644000 r--s 00045000 08:05 796961                     /home/tiago/.gradle/wrapper/dists/gradle-3.3-all/55gk2rcmfc6p2dg9u9ohc3hw9/gradle-3.3/lib/plugins/junit-4.12.jar
7f22f8644000-7f22f864a000 r--s 0002e000 08:05 796258                     /home/tiago/.gradle/wrapper/dists/gradle-3.3-all/55gk2rcmfc6p2dg9u9ohc3hw9/gradle-3.3/lib/plugins/gradle-testing-jvm-3.3.jar
7f22f864a000-7f22f864e000 r--s 00016000 08:05 796256                     /home/tiago/.gradle/wrapper/dists/gradle-3.3-all/55gk2rcmfc6p2dg9u9ohc3hw9/gradle-3.3/lib/plugins/gradle-testing-base-3.3.jar
7f22f864e000-7f22f8655000 r--s 00038000 08:05 796956                     /home/tiago/.gradle/wrapper/dists/gradle-3.3-all/55gk2rcmfc6p2dg9u9ohc3hw9/gradle-3.3/lib/plugins/bcpg-jdk15on-1.51.jar
7f22f8655000-7f22f8657000 r--s 0000c000 08:05 787205                     /home/tiago/.gradle/wrapper/dists/gradle-3.3-all/55gk2rcmfc6p2dg9u9ohc3hw9/gradle-3.3/lib/plugins/gradle-signing-3.3.jar
7f22f8657000-7f22f8659000 r--s 00007000 08:05 787204                     /home/tiago/.gradle/wrapper/dists/gradle-3.3-all/55gk2rcmfc6p2dg9u9ohc3hw9/gradle-3.3/lib/plugins/gradle-scala-3.3.jar
7f22f8659000-7f22f865a000 r--s 00004000 08:05 796895                     /home/tiago/.gradle/wrapper/dists/gradle-3.3-all/55gk2rcmfc6p2dg9u9ohc3hw9/gradle-3.3/lib/plugins/gradle-resources-sftp-3.3.jar
7f22f865a000-7f22f866a000 r--s 00088000 08:05 796972                     /home/tiago/.gradle/wrapper/dists/gradle-3.3-all/55gk2rcmfc6p2dg9u9ohc3hw9/gradle-3.3/lib/plugins/joda-time-2.8.2.jar
7f22f866a000-7f22f867b000 r--s 0010d000 08:05 796971                     /home/tiago/.gradle/wrapper/dists/gradle-3.3-all/55gk2rcmfc6p2dg9u9ohc3hw9/gradle-3.3/lib/plugins/jackson-databind-2.6.6.jar
7f22f867b000-7f22f867e000 r--s 00009000 08:05 796970                     /home/tiago/.gradle/wrapper/dists/gradle-3.3-all/55gk2rcmfc6p2dg9u9ohc3hw9/gradle-3.3/lib/plugins/jackson-annotations-2.6.6.jar
7f22f867e000-7f22f8682000 r--s 0003c000 08:05 796969                     /home/tiago/.gradle/wrapper/dists/gradle-3.3-all/55gk2rcmfc6p2dg9u9ohc3hw9/gradle-3.3/lib/plugins/jackson-core-2.6.6.jar
7f22f8682000-7f22f8690000 r--s 00087000 08:05 796968                     /home/tiago/.gradle/wrapper/dists/gradle-3.3-all/55gk2rcmfc6p2dg9u9ohc3hw9/gradle-3.3/lib/plugins/aws-java-sdk-core-1.11.6.jar
7f22f8690000-7f22f8697000 r--s 00057000 08:05 796967                     /home/tiago/.gradle/wrapper/dists/gradle-3.3-all/55gk2rcmfc6p2dg9u9ohc3hw9/gradle-3.3/lib/plugins/aws-java-sdk-kms-1.11.6.jar
7f22f8697000-7f22f86a4000 r--s 0008e000 08:05 796966                     /home/tiago/.gradle/wrapper/dists/gradle-3.3-all/55gk2rcmfc6p2dg9u9ohc3hw9/gradle-3.3/lib/plugins/aws-java-sdk-s3-1.11.6.jar
7f22f86a4000-7f22f86a6000 r--s 00004000 08:05 796897                     /home/tiago/.gradle/wrapper/dists/gradle-3.3-all/55gk2rcmfc6p2dg9u9ohc3hw9/gradle-3.3/lib/plugins/gradle-resources-s3-3.3.jar
7f22f86a6000-7f22f86a8000 r--s 00005000 08:05 796960                     /home/tiago/.gradle/wrapper/dists/gradle-3.3-all/55gk2rcmfc6p2dg9u9ohc3hw9/gradle-3.3/lib/plugins/jatl-0.2.2.jar
7f22f86a8000-7f22f86aa000 r--s 0000f000 08:05 787210                     /home/tiago/.gradle/wrapper/dists/gradle-3.3-all/55gk2rcmfc6p2dg9u9ohc3hw9/gradle-3.3/lib/plugins/gradle-reporting-3.3.jar
7f22f86aa000-7f22f86ac000 r--s 00002000 08:05 787211                     /home/tiago/.gradle/wrapper/dists/gradle-3.3-all/55gk2rcmfc6p2dg9u9ohc3hw9/gradle-3.3/lib/plugins/gradle-publish-3.3.jar
7f22f86ac000-7f22f86ae000 r--s 00009000 08:05 796943                     /home/tiago/.gradle/wrapper/dists/gradle-3.3-all/55gk2rcmfc6p2dg9u9ohc3hw9/gradle-3.3/lib/plugins/commons-cli-1.2.jar
7f22f86ae000-7f22f86b4000 r--s 00031000 08:05 787196                     /home/tiago/.gradle/wrapper/dists/gradle-3.3-all/55gk2rcmfc6p2dg9u9ohc3hw9/gradle-3.3/lib/plugins/gradle-plugins-3.3.jar
7f22f86b4000-7f22f86b6000 r--s 00009000 08:05 796352                     /home/tiago/.gradle/wrapper/dists/gradle-3.3-all/55gk2rcmfc6p2dg9u9ohc3hw9/gradle-3.3/lib/plugins/gradle-plugin-development-3.3.jar
7f22f86b6000-7f22f86bc000 r--s 0002b000 08:05 795754                     /home/tiago/.gradle/wrapper/dists/gradle-3.3-all/55gk2rcmfc6p2dg9u9ohc3hw9/gradle-3.3/lib/plugins/gradle-platform-play-3.3.jar
7f22f86bc000-7f22f86ca000 r--s 00055000 08:05 795753                     /home/tiago/.gradle/wrapper/dists/gradle-3.3-all/55gk2rcmfc6p2dg9u9ohc3hw9/gradle-3.3/lib/plugins/gradle-platform-native-3.3.jar
7f22f86ca000-7f22f86cf000 r--s 0001f000 08:05 794448                     /home/tiago/.gradle/wrapper/dists/gradle-3.3-all/55gk2rcmfc6p2dg9u9ohc3hw9/gradle-3.3/lib/plugins/gradle-platform-jvm-3.3.jar
7f22f86cf000-7f22f86d7000 r--s 00027000 08:05 794447                     /home/tiago/.gradle/wrapper/dists/gradle-3.3-all/55gk2rcmfc6p2dg9u9ohc3hw9/gradle-3.3/lib/plugins/gradle-platform-base-3.3.jar
7f22f86d7000-7f22f86ff000 r--s 0021c000 08:05 796951                     /home/tiago/.gradle/wrapper/dists/gradle-3.3-all/55gk2rcmfc6p2dg9u9ohc3hw9/gradle-3.3/lib/plugins/biz.aQute.bndlib-3.2.0.jar
7f22f86ff000-7f22f8701000 r--s 00003000 08:05 787200                     /home/tiago/.gradle/wrapper/dists/gradle-3.3-all/55gk2rcmfc6p2dg9u9ohc3hw9/gradle-3.3/lib/plugins/gradle-osgi-3.3.jar
7f22f8701000-7f22f8704000 r--s 0000c000 08:05 796954                     /home/tiago/.gradle/wrapper/dists/gradle-3.3-all/55gk2rcmfc6p2dg9u9ohc3hw9/gradle-3.3/lib/plugins/pmaven-groovy-0.8-20100325.jar
7f22f8704000-7f22f8705000 r--s 00004000 08:05 796953                     /home/tiago/.gradle/wrapper/dists/gradle-3.3-all/55gk2rcmfc6p2dg9u9ohc3hw9/gradle-3.3/lib/plugins/pmaven-common-0.8-20100325.jar
7f22f8705000-7f22f870b000 r--s 00023000 08:05 787201                     /home/tiago/.gradle/wrapper/dists/gradle-3.3-all/55gk2rcmfc6p2dg9u9ohc3hw9/gradle-3.3/lib/plugins/gradle-maven-3.3.jar
7f22f870b000-7f22f870e000 r--s 0000b000 08:05 795752                     /home/tiago/.gradle/wrapper/dists/gradle-3.3-all/55gk2rcmfc6p2dg9u9ohc3hw9/gradle-3.3/lib/plugins/gradle-language-scala-3.3.jar
7f22f870e000-7f22f8714000 r--s 0001a000 08:05 795767                     /home/tiago/.gradle/wrapper/dists/gradle-3.3-all/55gk2rcmfc6p2dg9u9ohc3hw9/gradle-3.3/lib/plugins/gradle-language-native-3.3.jar
7f22f8714000-7f22f8717000 r--s 00005000 08:05 794449                     /home/tiago/.gradle/wrapper/dists/gradle-3.3-all/55gk2rcmfc6p2dg9u9ohc3hw9/gradle-3.3/lib/plugins/gradle-language-jvm-3.3.jar
7f22f8717000-7f22f871d000 r--s 00027000 08:05 795750                     /home/tiago/.gradle/wrapper/dists/gradle-3.3-all/55gk2rcmfc6p2dg9u9ohc3hw9/gradle-3.3/lib/plugins/gradle-language-java-3.3.jar
7f22f871d000-7f22f871f000 r--s 0000a000 08:05 795751                     /home/tiago/.gradle/wrapper/dists/gradle-3.3-all/55gk2rcmfc6p2dg9u9ohc3hw9/gradle-3.3/lib/plugins/gradle-language-groovy-3.3.jar
7f22f871f000-7f22f8722000 r--s 0001e000 08:05 796978                     /home/tiago/.gradle/wrapper/dists/gradle-3.3-all/55gk2rcmfc6p2dg9u9ohc3hw9/gradle-3.3/lib/plugins/jsp-api-2.1-6.1.14.jar
7f22f8722000-7f22f8745000 r--s 00344000 08:05 796977                     /home/tiago/.gradle/wrapper/dists/gradle-3.3-all/55gk2rcmfc6p2dg9u9ohc3hw9/gradle-3.3/lib/plugins/core-3.1.1.jar
7f22f8745000-7f22f8746000 r--s 00006000 08:05 796976                     /home/tiago/.gradle/wrapper/dists/gradle-3.3-all/55gk2rcmfc6p2dg9u9ohc3hw9/gradle-3.3/lib/plugins/jetty-naming-6.1.26.jar
7f22f8746000-7f22f8747000 r--s 00002000 08:05 796950                     /home/tiago/.gradle/wrapper/dists/gradle-3.3-all/55gk2rcmfc6p2dg9u9ohc3hw9/gradle-3.3/lib/plugins/geronimo-annotation_1.0_spec-1.0.jar
7f22f8747000-7f22f8749000 r--s 00002000 08:05 796949                     /home/tiago/.gradle/wrapper/dists/gradle-3.3-all/55gk2rcmfc6p2dg9u9ohc3hw9/gradle-3.3/lib/plugins/jetty-annotations-6.1.26.jar
7f22f8749000-7f22f875a000 r--s 000ea000 08:05 796948                     /home/tiago/.gradle/wrapper/dists/gradle-3.3-all/55gk2rcmfc6p2dg9u9ohc3hw9/gradle-3.3/lib/plugins/jsp-2.1-6.1.14.jar
7f22f875a000-7f22f875c000 r--s 0000d000 08:05 796947                     /home/tiago/.gradle/wrapper/dists/gradle-3.3-all/55gk2rcmfc6p2dg9u9ohc3hw9/gradle-3.3/lib/plugins/jetty-plus-6.1.26.jar
7f22f875c000-7f22f875e000 r--s 0001f000 08:05 796946                     /home/tiago/.gradle/wrapper/dists/gradle-3.3-all/55gk2rcmfc6p2dg9u9ohc3hw9/gradle-3.3/lib/plugins/servlet-api-2.5-20081211.jar
7f22f875e000-7f22f8762000 r--s 00028000 08:05 796945                     /home/tiago/.gradle/wrapper/dists/gradle-3.3-all/55gk2rcmfc6p2dg9u9ohc3hw9/gradle-3.3/lib/plugins/jetty-util-6.1.26.jar
7f22f8762000-7f22f8769000 r--s 0007d000 08:05 796944                     /home/tiago/.gradle/wrapper/dists/gradle-3.3-all/55gk2rcmfc6p2dg9u9ohc3hw9/gradle-3.3/lib/plugins/jetty-6.1.26.jar
7f22f8769000-7f22f876b000 r--s 0000a000 08:05 787198                     /home/tiago/.gradle/wrapper/dists/gradle-3.3-all/55gk2rcmfc6p2dg9u9ohc3hw9/gradle-3.3/lib/plugins/gradle-jetty-3.3.jar
7f22f876b000-7f22f8772000 r--s 00035000 08:05 796959                     /home/tiago/.gradle/wrapper/dists/gradle-3.3-all/55gk2rcmfc6p2dg9u9ohc3hw9/gradle-3.3/lib/plugins/simple-4.1.21.jar
7f22f8772000-7f22f877e000 r--s 00100000 08:05 796957                     /home/tiago/.gradle/wrapper/dists/gradle-3.3-all/55gk2rcmfc6p2dg9u9ohc3hw9/gradle-3.3/lib/plugins/rhino-1.7R3.jar
7f22f877e000-7f22f8782000 r--s 00012000 08:05 787207                     /home/tiago/.gradle/wrapper/dists/gradle-3.3-all/55gk2rcmfc6p2dg9u9ohc3hw9/gradle-3.3/lib/plugins/gradle-javascript-3.3.jar
7f22f8782000-7f22f8784000 r--s 0000d000 08:05 794440                     /home/tiago/.gradle/wrapper/dists/gradle-3.3-all/55gk2rcmfc6p2dg9u9ohc3hw9/gradle-3.3/lib/plugins/gradle-jacoco-3.3.jar
7f22f8784000-7f22f8787000 r--s 0000e000 08:05 787212                     /home/tiago/.gradle/wrapper/dists/gradle-3.3-all/55gk2rcmfc6p2dg9u9ohc3hw9/gradle-3.3/lib/plugins/gradle-ivy-3.3.jar
7f22f8787000-7f22f8788000 r--s 00002000 08:05 795756                     /home/tiago/.gradle/wrapper/dists/gradle-3.3-all/55gk2rcmfc6p2dg9u9ohc3hw9/gradle-3.3/lib/plugins/gradle-ide-play-3.3.jar
7f22f8788000-7f22f878b000 r--s 00013000 08:05 795768                     /home/tiago/.gradle/wrapper/dists/gradle-3.3-all/55gk2rcmfc6p2dg9u9ohc3hw9/gradle-3.3/lib/plugins/gradle-ide-native-3.3.jar
7f22f878b000-7f22f8794000 r--s 00055000 08:05 787202                     /home/tiago/.gradle/wrapper/dists/gradle-3.3-all/55gk2rcmfc6p2dg9u9ohc3hw9/gradle-3.3/lib/plugins/gradle-ide-3.3.jar
7f22f8794000-7f22f8796000 r--s 00007000 08:05 787206                     /home/tiago/.gradle/wrapper/dists/gradle-3.3-all/55gk2rcmfc6p2dg9u9ohc3hw9/gradle-3.3/lib/plugins/gradle-ear-3.3.jar
7f22f8796000-7f22f879c000 r--s 00039000 08:05 787209                     /home/tiago/.gradle/wrapper/dists/gradle-3.3-all/55gk2rcmfc6p2dg9u9ohc3hw9/gradle-3.3/lib/plugins/gradle-diagnostics-3.3.jar
7f22f879c000-7f22f879d000 r--s 00009000 08:05 796936                     /home/tiago/.gradle/wrapper/dists/gradle-3.3-all/55gk2rcmfc6p2dg9u9ohc3hw9/gradle-3.3/lib/plugins/gradle-composite-builds-3.3.jar
7f22f879d000-7f22f87a1000 r--s 00023000 08:05 787197                     /home/tiago/.gradle/wrapper/dists/gradle-3.3-all/55gk2rcmfc6p2dg9u9ohc3hw9/gradle-3.3/lib/plugins/gradle-code-quality-3.3.jar
7f22f87a1000-7f22f87a5000 r--s 00022000 08:05 794446                     /home/tiago/.gradle/wrapper/dists/gradle-3.3-all/55gk2rcmfc6p2dg9u9ohc3hw9/gradle-3.3/lib/plugins/gradle-build-init-3.3.jar
7f22f87a5000-7f22f87ab000 r--s 0008e000 08:05 787208                     /home/tiago/.gradle/wrapper/dists/gradle-3.3-all/55gk2rcmfc6p2dg9u9ohc3hw9/gradle-3.3/lib/plugins/gradle-build-comparison-3.3.jar
7f22f87ab000-7f22f87ac000 r--s 00001000 08:05 796937                     /home/tiago/.gradle/wrapper/dists/gradle-3.3-all/55gk2rcmfc6p2dg9u9ohc3hw9/gradle-3.3/lib/plugins/gradle-build-cache-http-3.3.jar
7f22f87ac000-7f22f87ae000 r--s 00008000 08:05 787199                     /home/tiago/.gradle/wrapper/dists/gradle-3.3-all/55gk2rcmfc6p2dg9u9ohc3hw9/gradle-3.3/lib/plugins/gradle-antlr-3.3.jar
7f22f87ae000-7f22f87b0000 r--s 00004000 08:05 787203                     /home/tiago/.gradle/wrapper/dists/gradle-3.3-all/55gk2rcmfc6p2dg9u9ohc3hw9/gradle-3.3/lib/plugins/gradle-announce-3.3.jar
7f22f87b0000-7f22f87c8000 r--s 00115000 08:05 797008                     /home/tiago/.gradle/wrapper/dists/gradle-3.3-all/55gk2rcmfc6p2dg9u9ohc3hw9/gradle-3.3/lib/plugins/xercesImpl-2.9.1.jar
7f22f87c8000-7f22f87d0000 r--s 00028000 08:05 797009                     /home/tiago/.gradle/wrapper/dists/gradle-3.3-all/55gk2rcmfc6p2dg9u9ohc3hw9/gradle-3.3/lib/plugins/xml-apis-1.3.04.jar
7f22f87d0000-7f22f87d6000 r--s 0005b000 08:05 797007                     /home/tiago/.gradle/wrapper/dists/gradle-3.3-all/55gk2rcmfc6p2dg9u9ohc3hw9/gradle-3.3/lib/plugins/jcifs-1.3.17.jar
7f22f87d6000-7f22f87dc000 r--s 00033000 08:05 796955                     /home/tiago/.gradle/wrapper/dists/gradle-3.3-all/55gk2rcmfc6p2dg9u9ohc3hw9/gradle-3.3/lib/plugins/commons-codec-1.6.jar
7f22f87dc000-7f22f87e3000 r--s 00049000 08:05 797006                     /home/tiago/.gradle/wrapper/dists/gradle-3.3-all/55gk2rcmfc6p2dg9u9ohc3hw9/gradle-3.3/lib/plugins/httpcore-4.4.4.jar
7f22f87e3000-7f22f87e6000 r--s 0001c000 08:05 796964                     /home/tiago/.gradle/wrapper/dists/gradle-3.3-all/55gk2rcmfc6p2dg9u9ohc3hw9/gradle-3.3/lib/plugins/nekohtml-1.9.14.jar
7f22f87e6000-7f22f87f3000 r--s 000a4000 08:05 796963                     /home/tiago/.gradle/wrapper/dists/gradle-3.3-all/55gk2rcmfc6p2dg9u9ohc3hw9/gradle-3.3/lib/plugins/httpclient-4.4.1.jar
7f22f87f3000-7f22f87f6000 r--s 0000a000 08:05 796354                     /home/tiago/.gradle/wrapper/dists/gradle-3.3-all/55gk2rcmfc6p2dg9u9ohc3hw9/gradle-3.3/lib/plugins/gradle-resources-http-3.3.jar
7f22f87f6000-7f22f87fa000 r--s 00015000 08:05 796353                     /home/tiago/.gradle/wrapper/dists/gradle-3.3-all/55gk2rcmfc6p2dg9u9ohc3hw9/gradle-3.3/lib/plugins/gradle-plugin-use-3.3.jar
7f22f87fa000-7f22f87fb000 r--s 00000000 08:05 787121                     /home/tiago/.gradle/wrapper/dists/gradle-3.3-all/55gk2rcmfc6p2dg9u9ohc3hw9/gradle-3.3/lib/gradle-installation-beacon-3.3.jar
7f22f87fb000-7f22f87fd000 r--s 00006000 08:05 797002                     /home/tiago/.gradle/wrapper/dists/gradle-3.3-all/55gk2rcmfc6p2dg9u9ohc3hw9/gradle-3.3/lib/plugins/aether-connector-wagon-1.13.1.jar
7f22f87fd000-7f22f8801000 r--s 0001c000 08:05 797001                     /home/tiago/.gradle/wrapper/dists/gradle-3.3-all/55gk2rcmfc6p2dg9u9ohc3hw9/gradle-3.3/lib/plugins/aether-util-1.13.1.jar
7f22f8801000-7f22f8802000 r--s 00003000 08:05 797000                     /home/tiago/.gradle/wrapper/dists/gradle-3.3-all/55gk2rcmfc6p2dg9u9ohc3hw9/gradle-3.3/lib/plugins/aether-spi-1.13.1.jar
7f22f8802000-7f22f8805000 r--s 0001d000 08:05 796999                     /home/tiago/.gradle/wrapper/dists/gradle-3.3-all/55gk2rcmfc6p2dg9u9ohc3hw9/gradle-3.3/lib/plugins/aether-impl-1.13.1.jar
7f22f8805000-7f22f8808000 r--s 00013000 08:05 796998                     /home/tiago/.gradle/wrapper/dists/gradle-3.3-all/55gk2rcmfc6p2dg9u9ohc3hw9/gradle-3.3/lib/plugins/aether-api-1.13.1.jar
7f22f8808000-7f22f8809000 r--s 00007000 08:05 796997                     /home/tiago/.gradle/wrapper/dists/gradle-3.3-all/55gk2rcmfc6p2dg9u9ohc3hw9/gradle-3.3/lib/plugins/wagon-http-shared4-2.4.jar
7f22f8809000-7f22f880b000 r--s 0000b000 08:05 796996                     /home/tiago/.gradle/wrapper/dists/gradle-3.3-all/55gk2rcmfc6p2dg9u9ohc3hw9/gradle-3.3/lib/plugins/wagon-provider-api-2.4.jar
7f22f880b000-7f22f880c000 r--s 00002000 08:05 796995                     /home/tiago/.gradle/wrapper/dists/gradle-3.3-all/55gk2rcmfc6p2dg9u9ohc3hw9/gradle-3.3/lib/plugins/wagon-http-2.4.jar
7f22f880c000-7f22f880d000 r--s 00002000 08:05 796994                     /home/tiago/.gradle/wrapper/dists/gradle-3.3-all/55gk2rcmfc6p2dg9u9ohc3hw9/gradle-3.3/lib/plugins/wagon-file-2.4.jar
7f22f880d000-7f22f880f000 r--s 0000c000 08:05 796993                     /home/tiago/.gradle/wrapper/dists/gradle-3.3-all/55gk2rcmfc6p2dg9u9ohc3hw9/gradle-3.3/lib/plugins/maven-aether-provider-3.0.4.jar
7f22f880f000-7f22f8811000 r--s 0000b000 08:05 796992                     /home/tiago/.gradle/wrapper/dists/gradle-3.3-all/55gk2rcmfc6p2dg9u9ohc3hw9/gradle-3.3/lib/plugins/maven-plugin-api-3.0.4.jar
7f22f8811000-7f22f8813000 r--s 00006000 08:05 796991                     /home/tiago/.gradle/wrapper/dists/gradle-3.3-all/55gk2rcmfc6p2dg9u9ohc3hw9/gradle-3.3/lib/plugins/maven-repository-metadata-3.0.4.jar
7f22f8813000-7f22f8815000 r--s 0000b000 08:05 796990                     /home/tiago/.gradle/wrapper/dists/gradle-3.3-all/55gk2rcmfc6p2dg9u9ohc3hw9/gradle-3.3/lib/plugins/maven-artifact-3.0.4.jar
7f22f8815000-7f22f8817000 r--s 00026000 08:05 796989                     /home/tiago/.gradle/wrapper/dists/gradle-3.3-all/55gk2rcmfc6p2dg9u9ohc3hw9/gradle-3.3/lib/plugins/maven-model-3.0.4.jar
7f22f8817000-7f22f881b000 r--s 00021000 08:05 796988                     /home/tiago/.gradle/wrapper/dists/gradle-3.3-all/55gk2rcmfc6p2dg9u9ohc3hw9/gradle-3.3/lib/plugins/maven-model-builder-3.0.4.jar
7f22f881b000-7f22f8821000 r--s 0003f000 08:05 796987                     /home/tiago/.gradle/wrapper/dists/gradle-3.3-all/55gk2rcmfc6p2dg9u9ohc3hw9/gradle-3.3/lib/plugins/maven-compat-3.0.4.jar
7f22f8821000-7f22f8823000 r--s 00002000 08:05 796985                     /home/tiago/.gradle/wrapper/dists/gradle-3.3-all/55gk2rcmfc6p2dg9u9ohc3hw9/gradle-3.3/lib/plugins/plexus-cipher-1.7.jar
7f22f8823000-7f22f8863000 r--s 00277000 08:05 796975                     /home/tiago/.gradle/wrapper/dists/gradle-3.3-all/55gk2rcmfc6p2dg9u9ohc3hw9/gradle-3.3/lib/plugins/bcprov-jdk15on-1.51.jar
7f22f8863000-7f22f8879000 r-xp 00000000 08:05 2232900                    /lib/x86_64-linux-gnu/libgcc_s.so.1
7f22f8879000-7f22f8a78000 ---p 00016000 08:05 2232900                    /lib/x86_64-linux-gnu/libgcc_s.so.1
7f22f8a78000-7f22f8a79000 rw-p 00015000 08:05 2232900                    /lib/x86_64-linux-gnu/libgcc_s.so.1
7f22f8a79000-7f22f8beb000 r-xp 00000000 08:05 3278652                    /usr/lib/x86_64-linux-gnu/libstdc++.so.6.0.21
7f22f8beb000-7f22f8deb000 ---p 00172000 08:05 3278652                    /usr/lib/x86_64-linux-gnu/libstdc++.so.6.0.21
7f22f8deb000-7f22f8df5000 r--p 00172000 08:05 3278652                    /usr/lib/x86_64-linux-gnu/libstdc++.so.6.0.21
7f22f8df5000-7f22f8df7000 rw-p 0017c000 08:05 3278652                    /usr/lib/x86_64-linux-gnu/libstdc++.so.6.0.21
7f22f8df7000-7f22f8dfb000 rw-p 00000000 00:00 0 
7f22f8dfb000-7f22f8e00000 r-xp 00000000 08:05 5535406                    /home/tiago/.gradle/native/23/linux-amd64/libnative-platform.so
7f22f8e00000-7f22f8fff000 ---p 00005000 08:05 5535406                    /home/tiago/.gradle/native/23/linux-amd64/libnative-platform.so
7f22f8fff000-7f22f9000000 rw-p 00004000 08:05 5535406                    /home/tiago/.gradle/native/23/linux-amd64/libnative-platform.so
7f22f9000000-7f22fc000000 rw-p 00000000 00:00 0 
7f22fc000000-7f22fc02b000 rw-p 00000000 00:00 0 
7f22fc02b000-7f2300000000 ---p 00000000 00:00 0 
7f2300000000-7f2300024000 rw-p 00000000 00:00 0 
7f2300024000-7f2304000000 ---p 00000000 00:00 0 
7f2304000000-7f230404d000 rw-p 00000000 00:00 0 
7f230404d000-7f2308000000 ---p 00000000 00:00 0 
7f2308000000-7f2308049000 rw-p 00000000 00:00 0 
7f2308049000-7f230c000000 ---p 00000000 00:00 0 
7f230c000000-7f230c001000 r--s 00006000 08:05 796986                     /home/tiago/.gradle/wrapper/dists/gradle-3.3-all/55gk2rcmfc6p2dg9u9ohc3hw9/gradle-3.3/lib/plugins/plexus-sec-dispatcher-1.3.jar
7f230c001000-7f230c003000 r--s 0000a000 08:05 796984                     /home/tiago/.gradle/wrapper/dists/gradle-3.3-all/55gk2rcmfc6p2dg9u9ohc3hw9/gradle-3.3/lib/plugins/plexus-classworlds-2.4.jar
7f230c003000-7f230c00a000 r--s 0002e000 08:05 796983                     /home/tiago/.gradle/wrapper/dists/gradle-3.3-all/55gk2rcmfc6p2dg9u9ohc3hw9/gradle-3.3/lib/plugins/plexus-container-default-1.5.5.jar
7f230c00a000-7f230c00c000 r--s 00000000 08:05 797010                     /home/tiago/.gradle/wrapper/dists/gradle-3.3-all/55gk2rcmfc6p2dg9u9ohc3hw9/gradle-3.3/lib/plugins/plexus-component-annotations-1.5.5.jar
7f230c00c000-7f230c00e000 r--s 0000d000 08:05 796982                     /home/tiago/.gradle/wrapper/dists/gradle-3.3-all/55gk2rcmfc6p2dg9u9ohc3hw9/gradle-3.3/lib/plugins/plexus-interpolation-1.14.jar
7f230c00e000-7f230c012000 r--s 00033000 08:05 796981                     /home/tiago/.gradle/wrapper/dists/gradle-3.3-all/55gk2rcmfc6p2dg9u9ohc3hw9/gradle-3.3/lib/plugins/plexus-utils-2.0.6.jar
7f230c012000-7f230c015000 r--s 00008000 08:05 796980                     /home/tiago/.gradle/wrapper/dists/gradle-3.3-all/55gk2rcmfc6p2dg9u9ohc3hw9/gradle-3.3/lib/plugins/maven-settings-builder-3.0.4.jar
7f230c015000-7f230c017000 r--s 0000a000 08:05 796979                     /home/tiago/.gradle/wrapper/dists/gradle-3.3-all/55gk2rcmfc6p2dg9u9ohc3hw9/gradle-3.3/lib/plugins/maven-settings-3.0.4.jar
7f230c017000-7f230c01c000 r--s 00040000 08:05 796965                     /home/tiago/.gradle/wrapper/dists/gradle-3.3-all/55gk2rcmfc6p2dg9u9ohc3hw9/gradle-3.3/lib/plugins/jsch-0.1.53.jar
7f230c01c000-7f230c020000 r--s 0001d000 08:05 796974                     /home/tiago/.gradle/wrapper/dists/gradle-3.3-all/55gk2rcmfc6p2dg9u9ohc3hw9/gradle-3.3/lib/plugins/xbean-reflect-3.4.jar
7f230c020000-7f230c02c000 r--s 0007d000 08:05 796952                     /home/tiago/.gradle/wrapper/dists/gradle-3.3-all/55gk2rcmfc6p2dg9u9ohc3hw9/gradle-3.3/lib/plugins/maven-core-3.0.4.jar
7f230c02c000-7f230c031000 r--s 00034000 08:05 796958                     /home/tiago/.gradle/wrapper/dists/gradle-3.3-all/55gk2rcmfc6p2dg9u9ohc3hw9/gradle-3.3/lib/plugins/gson-2.7.jar
7f230c031000-7f230c040000 r--s 000d9000 08:05 796973                     /home/tiago/.gradle/wrapper/dists/gradle-3.3-all/55gk2rcmfc6p2dg9u9ohc3hw9/gradle-3.3/lib/plugins/ivy-2.2.0.jar
7f230c040000-7f230c05f000 r--s 000f6000 08:05 796941                     /home/tiago/.gradle/wrapper/dists/gradle-3.3-all/55gk2rcmfc6p2dg9u9ohc3hw9/gradle-3.3/lib/plugins/gradle-dependency-management-3.3.jar
7f230c05f000-7f230c061000 r--s 00005000 08:05 796940                     /home/tiago/.gradle/wrapper/dists/gradle-3.3-all/55gk2rcmfc6p2dg9u9ohc3hw9/gradle-3.3/lib/plugins/gradle-workers-3.3.jar
7f230c061000-7f230c072000 r-xp 00000000 08:05 6039372                    /home/tiago/Downloads/android-studio/jre/jre/lib/amd64/libnio.so
7f230c072000-7f230c271000 ---p 00011000 08:05 6039372                    /home/tiago/Downloads/android-studio/jre/jre/lib/amd64/libnio.so
7f230c271000-7f230c272000 r--p 00010000 08:05 6039372                    /home/tiago/Downloads/android-studio/jre/jre/lib/amd64/libnio.so
7f230c272000-7f230c273000 rw-p 00011000 08:05 6039372                    /home/tiago/Downloads/android-studio/jre/jre/lib/amd64/libnio.so
7f230c273000-7f230c289000 r-xp 00000000 08:05 6039370                    /home/tiago/Downloads/android-studio/jre/jre/lib/amd64/libnet.so
7f230c289000-7f230c489000 ---p 00016000 08:05 6039370                    /home/tiago/Downloads/android-studio/jre/jre/lib/amd64/libnet.so
7f230c489000-7f230c48a000 r--p 00016000 08:05 6039370                    /home/tiago/Downloads/android-studio/jre/jre/lib/amd64/libnet.so
7f230c48a000-7f230c48b000 rw-p 00017000 08:05 6039370                    /home/tiago/Downloads/android-studio/jre/jre/lib/amd64/libnet.so
7f230c48b000-7f230c48c000 r--s 00006000 08:05 787120                     /home/tiago/.gradle/wrapper/dists/gradle-3.3-all/55gk2rcmfc6p2dg9u9ohc3hw9/gradle-3.3/lib/gradle-wrapper-3.3.jar
7f230c48c000-7f230c499000 r--s 00041000 08:05 787127                     /home/tiago/.gradle/wrapper/dists/gradle-3.3-all/55gk2rcmfc6p2dg9u9ohc3hw9/gradle-3.3/lib/gradle-tooling-api-3.3.jar
7f230c499000-7f230c49b000 r--s 00002000 08:05 787168                     /home/tiago/.gradle/wrapper/dists/gradle-3.3-all/55gk2rcmfc6p2dg9u9ohc3hw9/gradle-3.3/lib/gradle-open-api-3.3.jar
7f230c49b000-7f230c4a1000 r--s 00032000 08:05 787170                     /home/tiago/.gradle/wrapper/dists/gradle-3.3-all/55gk2rcmfc6p2dg9u9ohc3hw9/gradle-3.3/lib/jaxen-1.1.jar
7f230c4a1000-7f230c4a6000 r--s 00048000 08:05 787169                     /home/tiago/.gradle/wrapper/dists/gradle-3.3-all/55gk2rcmfc6p2dg9u9ohc3hw9/gradle-3.3/lib/dom4j-1.6.1.jar
7f230c4a6000-7f230c4b1000 r--s 00059000 08:05 787126                     /home/tiago/.gradle/wrapper/dists/gradle-3.3-all/55gk2rcmfc6p2dg9u9ohc3hw9/gradle-3.3/lib/gradle-ui-3.3.jar
7f230c4b1000-7f230c4ba000 r--s 0008c000 08:05 787118                     /home/tiago/.gradle/wrapper/dists/gradle-3.3-all/55gk2rcmfc6p2dg9u9ohc3hw9/gradle-3.3/lib/kotlin-stdlib-1.1-M02.jar
7f230c4ba000-7f230c4c0000 r--s 0002a000 08:05 787117                     /home/tiago/.gradle/wrapper/dists/gradle-3.3-all/55gk2rcmfc6p2dg9u9ohc3hw9/gradle-3.3/lib/kotlin-runtime-1.1-M02.jar
7f230c4c0000-7f230c4f4000 r--s 00256000 08:05 787116                     /home/tiago/.gradle/wrapper/dists/gradle-3.3-all/55gk2rcmfc6p2dg9u9ohc3hw9/gradle-3.3/lib/kotlin-reflect-1.1-M02.jar
7f230c4f4000-7f230c68a000 r--s 0157e000 08:05 787115                     /home/tiago/.gradle/wrapper/dists/gradle-3.3-all/55gk2rcmfc6p2dg9u9ohc3hw9/gradle-3.3/lib/kotlin-compiler-embeddable-1.1-M02.jar
7f230c68a000-7f230c692000 r--s 0004e000 08:05 787114                     /home/tiago/.gradle/wrapper/dists/gradle-3.3-all/55gk2rcmfc6p2dg9u9ohc3hw9/gradle-3.3/lib/gradle-script-kotlin-0.5.1.jar
7f230c692000-7f230c695000 r--s 0000b000 08:05 787166                     /home/tiago/.gradle/wrapper/dists/gradle-3.3-all/55gk2rcmfc6p2dg9u9ohc3hw9/gradle-3.3/lib/gradle-resources-3.3.jar
7f230c695000-7f230c697000 r--s 00003000 08:05 787175                     /home/tiago/.gradle/wrapper/dists/gradle-3.3-all/55gk2rcmfc6p2dg9u9ohc3hw9/gradle-3.3/lib/jcl-over-slf4j-1.7.10.jar
7f230c697000-7f230c698000 r--s 00005000 08:05 787174                     /home/tiago/.gradle/wrapper/dists/gradle-3.3-all/55gk2rcmfc6p2dg9u9ohc3hw9/gradle-3.3/lib/log4j-over-slf4j-1.7.10.jar
7f230c698000-7f230c69a000 r--s 00000000 08:05 787173                     /home/tiago/.gradle/wrapper/dists/gradle-3.3-all/55gk2rcmfc6p2dg9u9ohc3hw9/gradle-3.3/lib/jul-to-slf4j-1.7.10.jar
7f230c69a000-7f230c69f000 r--s 0001e000 08:05 787129                     /home/tiago/.gradle/wrapper/dists/gradle-3.3-all/55gk2rcmfc6p2dg9u9ohc3hw9/gradle-3.3/lib/gradle-logging-3.3.jar
7f230c69f000-7f230c6a1000 r--s 00007000 08:05 787194                     /home/tiago/.gradle/wrapper/dists/gradle-3.3-all/55gk2rcmfc6p2dg9u9ohc3hw9/gradle-3.3/lib/objenesis-1.2.jar
7f230c6a1000-7f230c6a3000 r--s 00000000 08:05 787193                     /home/tiago/.gradle/wrapper/dists/gradle-3.3-all/55gk2rcmfc6p2dg9u9ohc3hw9/gradle-3.3/lib/minlog-1.2.jar
7f230c6a3000-7f230c6a5000 r--s 0000f000 08:05 787192                     /home/tiago/.gradle/wrapper/dists/gradle-3.3-all/55gk2rcmfc6p2dg9u9ohc3hw9/gradle-3.3/lib/reflectasm-1.07-shaded.jar
7f230c6a5000-7f230c6a9000 r--s 00026000 08:05 787177                     /home/tiago/.gradle/wrapper/dists/gradle-3.3-all/55gk2rcmfc6p2dg9u9ohc3hw9/gradle-3.3/lib/kryo-2.20.jar
7f230c6a9000-7f230c6af000 r--s 00027000 08:05 787165                     /home/tiago/.gradle/wrapper/dists/gradle-3.3-all/55gk2rcmfc6p2dg9u9ohc3hw9/gradle-3.3/lib/gradle-messaging-3.3.jar
7f230c6af000-7f230c6b0000 r--s 00001000 08:05 787191                     /home/tiago/.gradle/wrapper/dists/gradle-3.3-all/55gk2rcmfc6p2dg9u9ohc3hw9/gradle-3.3/lib/native-platform-linux-i386-ncurses6-0.12.jar
7f230c6b0000-7f230c6b1000 r--s 00001000 08:05 787190                     /home/tiago/.gradle/wrapper/dists/gradle-3.3-all/55gk2rcmfc6p2dg9u9ohc3hw9/gradle-3.3/lib/native-platform-linux-i386-ncurses5-0.12.jar
7f230c6b1000-7f230c721000 r--s 00641000 08:05 787134                     /home/tiago/.gradle/wrapper/dists/gradle-3.3-all/55gk2rcmfc6p2dg9u9ohc3hw9/gradle-3.3/lib/groovy-all-2.4.7.jar
7f230c721000-7f230c722000 ---p 00000000 00:00 0 
7f230c722000-7f230c822000 rw-p 00000000 00:00 0 
7f230c822000-7f230c825000 ---p 00000000 00:00 0 
7f230c825000-7f230c923000 rw-p 00000000 00:00 0 
7f230c923000-7f230c926000 ---p 00000000 00:00 0 
7f230c926000-7f230ca24000 rw-p 00000000 00:00 0 
7f230ca24000-7f230ca27000 ---p 00000000 00:00 0 
7f230ca27000-7f230cb25000 rw-p 00000000 00:00 0 
7f230cb25000-7f230cb28000 ---p 00000000 00:00 0 
7f230cb28000-7f230cc26000 rw-p 00000000 00:00 0 
7f230cc26000-7f230cc29000 ---p 00000000 00:00 0 
7f230cc29000-7f230cd27000 rw-p 00000000 00:00 0 
7f230cd27000-7f230d000000 r--p 00000000 08:05 3277180                    /usr/lib/locale/locale-archive
7f230d000000-7f230eb10000 rwxp 00000000 00:00 0 
7f230eb10000-7f231c000000 ---p 00000000 00:00 0 
7f231c000000-7f231cca9000 rw-p 00000000 00:00 0 
7f231cca9000-7f2320000000 ---p 00000000 00:00 0 
7f2320000000-7f2320001000 r--s 00001000 08:05 787189                     /home/tiago/.gradle/wrapper/dists/gradle-3.3-all/55gk2rcmfc6p2dg9u9ohc3hw9/gradle-3.3/lib/native-platform-linux-amd64-ncurses6-0.12.jar
7f2320001000-7f2320002000 r--s 00001000 08:05 787188                     /home/tiago/.gradle/wrapper/dists/gradle-3.3-all/55gk2rcmfc6p2dg9u9ohc3hw9/gradle-3.3/lib/native-platform-linux-amd64-ncurses5-0.12.jar
7f2320002000-7f2320003000 r--s 0000b000 08:05 787187                     /home/tiago/.gradle/wrapper/dists/gradle-3.3-all/55gk2rcmfc6p2dg9u9ohc3hw9/gradle-3.3/lib/native-platform-windows-i386-0.12.jar
7f2320003000-7f2320005000 r--s 0000b000 08:05 787186                     /home/tiago/.gradle/wrapper/dists/gradle-3.3-all/55gk2rcmfc6p2dg9u9ohc3hw9/gradle-3.3/lib/native-platform-windows-amd64-0.12.jar
7f2320005000-7f2320007000 r--s 00002000 08:05 787185                     /home/tiago/.gradle/wrapper/dists/gradle-3.3-all/55gk2rcmfc6p2dg9u9ohc3hw9/gradle-3.3/lib/native-platform-osx-i386-0.12.jar
7f2320007000-7f2320008000 r--s 00002000 08:05 787184                     /home/tiago/.gradle/wrapper/dists/gradle-3.3-all/55gk2rcmfc6p2dg9u9ohc3hw9/gradle-3.3/lib/native-platform-osx-amd64-0.12.jar
7f2320008000-7f2320009000 r--s 00002000 08:05 787183                     /home/tiago/.gradle/wrapper/dists/gradle-3.3-all/55gk2rcmfc6p2dg9u9ohc3hw9/gradle-3.3/lib/native-platform-linux-i386-0.12.jar
7f2320009000-7f232000a000 r--s 00002000 08:05 787182                     /home/tiago/.gradle/wrapper/dists/gradle-3.3-all/55gk2rcmfc6p2dg9u9ohc3hw9/gradle-3.3/lib/native-platform-linux-amd64-0.12.jar
7f232000a000-7f232000b000 r--s 00003000 08:05 787181                     /home/tiago/.gradle/wrapper/dists/gradle-3.3-all/55gk2rcmfc6p2dg9u9ohc3hw9/gradle-3.3/lib/native-platform-freebsd-i386-libstdcpp-0.12.jar
7f232000b000-7f232000c000 r--s 00004000 08:05 787180                     /home/tiago/.gradle/wrapper/dists/gradle-3.3-all/55gk2rcmfc6p2dg9u9ohc3hw9/gradle-3.3/lib/native-platform-freebsd-i386-libcpp-0.12.jar
7f232000c000-7f232000e000 r--s 00003000 08:05 787179                     /home/tiago/.gradle/wrapper/dists/gradle-3.3-all/55gk2rcmfc6p2dg9u9ohc3hw9/gradle-3.3/lib/native-platform-freebsd-amd64-libstdcpp-0.12.jar
7f232000e000-7f232000f000 r--s 00004000 08:05 787178                     /home/tiago/.gradle/wrapper/dists/gradle-3.3-all/55gk2rcmfc6p2dg9u9ohc3hw9/gradle-3.3/lib/native-platform-freebsd-amd64-libcpp-0.12.jar
7f232000f000-7f2320012000 r--s 00023000 08:05 787172                     /home/tiago/.gradle/wrapper/dists/gradle-3.3-all/55gk2rcmfc6p2dg9u9ohc3hw9/gradle-3.3/lib/jansi-1.14.jar
7f2320012000-7f2320016000 r--s 00011000 08:05 787171                     /home/tiago/.gradle/wrapper/dists/gradle-3.3-all/55gk2rcmfc6p2dg9u9ohc3hw9/gradle-3.3/lib/native-platform-0.12.jar
7f2320016000-7f2320019000 r--s 0000a000 08:05 787128                     /home/tiago/.gradle/wrapper/dists/gradle-3.3-all/55gk2rcmfc6p2dg9u9ohc3hw9/gradle-3.3/lib/gradle-native-3.3.jar
7f2320019000-7f232001b000 r--s 00005000 08:05 787125                     /home/tiago/.gradle/wrapper/dists/gradle-3.3-all/55gk2rcmfc6p2dg9u9ohc3hw9/gradle-3.3/lib/gradle-cli-3.3.jar
7f232001b000-7f232001d000 r--s 00007000 08:05 787136                     /home/tiago/.gradle/wrapper/dists/gradle-3.3-all/55gk2rcmfc6p2dg9u9ohc3hw9/gradle-3.3/lib/gradle-model-groovy-3.3.jar
7f232001d000-7f232001f000 r--s 00006000 08:05 787144                     /home/tiago/.gradle/wrapper/dists/gradle-3.3-all/55gk2rcmfc6p2dg9u9ohc3hw9/gradle-3.3/lib/gradle-base-services-groovy-3.3.jar
7f232001f000-7f232002e000 r--s 0007f000 08:05 787135                     /home/tiago/.gradle/wrapper/dists/gradle-3.3-all/55gk2rcmfc6p2dg9u9ohc3hw9/gradle-3.3/lib/gradle-model-core-3.3.jar
7f232002e000-7f232002f000 r--s 00002000 08:05 787167                     /home/tiago/.gradle/wrapper/dists/gradle-3.3-all/55gk2rcmfc6p2dg9u9ohc3hw9/gradle-3.3/lib/gradle-docs-3.3.jar
7f232002f000-7f232003c000 r--s 00083000 08:05 787140                     /home/tiago/.gradle/wrapper/dists/gradle-3.3-all/55gk2rcmfc6p2dg9u9ohc3hw9/gradle-3.3/lib/commons-collections-3.2.2.jar
7f232003c000-7f2320064000 r--s 001cf000 08:05 787131                     /home/tiago/.gradle/wrapper/dists/gradle-3.3-all/55gk2rcmfc6p2dg9u9ohc3hw9/gradle-3.3/lib/guava-jdk5-17.0.jar
7f2320064000-7f2320083000 r--s 001d1000 08:05 787138                     /home/tiago/.gradle/wrapper/dists/gradle-3.3-all/55gk2rcmfc6p2dg9u9ohc3hw9/gradle-3.3/lib/ant-1.9.6.jar
7f2320083000-7f23200c0000 r--s 001f8000 08:05 787124                     /home/tiago/.gradle/wrapper/dists/gradle-3.3-all/55gk2rcmfc6p2dg9u9ohc3hw9/gradle-3.3/lib/gradle-core-3.3.jar
7f23200c0000-7f23200c3000 ---p 00000000 00:00 0 
7f23200c3000-7f23201c1000 rw-p 00000000 00:00 0 
7f23201c1000-7f23201c4000 ---p 00000000 00:00 0 
7f23201c4000-7f23202c2000 rw-p 00000000 00:00 0 
7f23202c2000-7f23202c3000 ---p 00000000 00:00 0 
7f23202c3000-7f23213a4000 rw-p 00000000 00:00 0 
7f23213a4000-7f2321574000 r--s 03c46000 08:05 4856180                    /home/tiago/Downloads/android-studio/jre/jre/lib/rt.jar
7f2321574000-7f23220ea000 rw-p 00000000 00:00 0 
7f23220ea000-7f23220eb000 ---p 00000000 00:00 0 
7f23220eb000-7f23221eb000 rw-p 00000000 00:00 0 
7f23221eb000-7f23221ec000 ---p 00000000 00:00 0 
7f23221ec000-7f23222ec000 rw-p 00000000 00:00 0 
7f23222ec000-7f23222ed000 ---p 00000000 00:00 0 
7f23222ed000-7f23223ed000 rw-p 00000000 00:00 0 
7f23223ed000-7f23223ee000 ---p 00000000 00:00 0 
7f23223ee000-7f232253b000 rw-p 00000000 00:00 0 
7f232253b000-7f23226ee000 ---p 00000000 00:00 0 
7f23226ee000-7f232273b000 rw-p 00000000 00:00 0 
7f232273b000-7f23228ee000 ---p 00000000 00:00 0 
7f23228ee000-7f23229ab000 rw-p 00000000 00:00 0 
7f23229ab000-7f23229ee000 ---p 00000000 00:00 0 
7f23229ee000-7f2322a5c000 rw-p 00000000 00:00 0 
7f2322a5c000-7f2322daf000 ---p 00000000 00:00 0 
7f2322daf000-7f2322dc9000 r-xp 00000000 08:05 6039357                    /home/tiago/Downloads/android-studio/jre/jre/lib/amd64/libzip.so
7f2322dc9000-7f2322fc9000 ---p 0001a000 08:05 6039357                    /home/tiago/Downloads/android-studio/jre/jre/lib/amd64/libzip.so
7f2322fc9000-7f2322fca000 r--p 0001a000 08:05 6039357                    /home/tiago/Downloads/android-studio/jre/jre/lib/amd64/libzip.so
7f2322fca000-7f2322fcb000 rw-p 0001b000 08:05 6039357                    /home/tiago/Downloads/android-studio/jre/jre/lib/amd64/libzip.so
7f2322fcb000-7f2322fd6000 r-xp 00000000 08:05 2233163                    /lib/x86_64-linux-gnu/libnss_files-2.23.so
7f2322fd6000-7f23231d5000 ---p 0000b000 08:05 2233163                    /lib/x86_64-linux-gnu/libnss_files-2.23.so
7f23231d5000-7f23231d6000 r--p 0000a000 08:05 2233163                    /lib/x86_64-linux-gnu/libnss_files-2.23.so
7f23231d6000-7f23231d7000 rw-p 0000b000 08:05 2233163                    /lib/x86_64-linux-gnu/libnss_files-2.23.so
7f23231d7000-7f23231dd000 rw-p 00000000 00:00 0 
7f23231dd000-7f23231e8000 r-xp 00000000 08:05 2233166                    /lib/x86_64-linux-gnu/libnss_nis-2.23.so
7f23231e8000-7f23233e7000 ---p 0000b000 08:05 2233166                    /lib/x86_64-linux-gnu/libnss_nis-2.23.so
7f23233e7000-7f23233e8000 r--p 0000a000 08:05 2233166                    /lib/x86_64-linux-gnu/libnss_nis-2.23.so
7f23233e8000-7f23233e9000 rw-p 0000b000 08:05 2233166                    /lib/x86_64-linux-gnu/libnss_nis-2.23.so
7f23233e9000-7f23233ff000 r-xp 00000000 08:05 2228239                    /lib/x86_64-linux-gnu/libnsl-2.23.so
7f23233ff000-7f23235fe000 ---p 00016000 08:05 2228239                    /lib/x86_64-linux-gnu/libnsl-2.23.so
7f23235fe000-7f23235ff000 r--p 00015000 08:05 2228239                    /lib/x86_64-linux-gnu/libnsl-2.23.so
7f23235ff000-7f2323600000 rw-p 00016000 08:05 2228239                    /lib/x86_64-linux-gnu/libnsl-2.23.so
7f2323600000-7f2323602000 rw-p 00000000 00:00 0 
7f2323602000-7f232360a000 r-xp 00000000 08:05 2233172                    /lib/x86_64-linux-gnu/libnss_compat-2.23.so
7f232360a000-7f2323809000 ---p 00008000 08:05 2233172                    /lib/x86_64-linux-gnu/libnss_compat-2.23.so
7f2323809000-7f232380a000 r--p 00007000 08:05 2233172                    /lib/x86_64-linux-gnu/libnss_compat-2.23.so
7f232380a000-7f232380b000 rw-p 00008000 08:05 2233172                    /lib/x86_64-linux-gnu/libnss_compat-2.23.so
7f232380b000-7f2323838000 r-xp 00000000 08:05 6039341                    /home/tiago/Downloads/android-studio/jre/jre/lib/amd64/libjava.so
7f2323838000-7f2323a37000 ---p 0002d000 08:05 6039341                    /home/tiago/Downloads/android-studio/jre/jre/lib/amd64/libjava.so
7f2323a37000-7f2323a38000 r--p 0002c000 08:05 6039341                    /home/tiago/Downloads/android-studio/jre/jre/lib/amd64/libjava.so
7f2323a38000-7f2323a3a000 rw-p 0002d000 08:05 6039341                    /home/tiago/Downloads/android-studio/jre/jre/lib/amd64/libjava.so
7f2323a3a000-7f2323a4a000 r-xp 00000000 08:05 6039369                    /home/tiago/Downloads/android-studio/jre/jre/lib/amd64/libverify.so
7f2323a4a000-7f2323c49000 ---p 00010000 08:05 6039369                    /home/tiago/Downloads/android-studio/jre/jre/lib/amd64/libverify.so
7f2323c49000-7f2323c4b000 r--p 0000f000 08:05 6039369                    /home/tiago/Downloads/android-studio/jre/jre/lib/amd64/libverify.so
7f2323c4b000-7f2323c4c000 rw-p 00011000 08:05 6039369                    /home/tiago/Downloads/android-studio/jre/jre/lib/amd64/libverify.so
7f2323c4c000-7f2323c53000 r-xp 00000000 08:05 2233168                    /lib/x86_64-linux-gnu/librt-2.23.so
7f2323c53000-7f2323e52000 ---p 00007000 08:05 2233168                    /lib/x86_64-linux-gnu/librt-2.23.so
7f2323e52000-7f2323e53000 r--p 00006000 08:05 2233168                    /lib/x86_64-linux-gnu/librt-2.23.so
7f2323e53000-7f2323e54000 rw-p 00007000 08:05 2233168                    /lib/x86_64-linux-gnu/librt-2.23.so
7f2323e54000-7f2323f5c000 r-xp 00000000 08:05 2233177                    /lib/x86_64-linux-gnu/libm-2.23.so
7f2323f5c000-7f232415b000 ---p 00108000 08:05 2233177                    /lib/x86_64-linux-gnu/libm-2.23.so
7f232415b000-7f232415c000 r--p 00107000 08:05 2233177                    /lib/x86_64-linux-gnu/libm-2.23.so
7f232415c000-7f232415d000 rw-p 00108000 08:05 2233177                    /lib/x86_64-linux-gnu/libm-2.23.so
7f232415d000-7f2324d55000 r-xp 00000000 08:05 6173426                    /home/tiago/Downloads/android-studio/jre/jre/lib/amd64/server/libjvm.so
7f2324d55000-7f2324f55000 ---p 00bf8000 08:05 6173426                    /home/tiago/Downloads/android-studio/jre/jre/lib/amd64/server/libjvm.so
7f2324f55000-7f2324ff4000 r--p 00bf8000 08:05 6173426                    /home/tiago/Downloads/android-studio/jre/jre/lib/amd64/server/libjvm.so
7f2324ff4000-7f232501d000 rw-p 00c97000 08:05 6173426                    /home/tiago/Downloads/android-studio/jre/jre/lib/amd64/server/libjvm.so
7f232501d000-7f2325061000 rw-p 00000000 00:00 0 
7f2325061000-7f2325079000 r-xp 00000000 08:05 2233165                    /lib/x86_64-linux-gnu/libpthread-2.23.so
7f2325079000-7f2325278000 ---p 00018000 08:05 2233165                    /lib/x86_64-linux-gnu/libpthread-2.23.so
7f2325278000-7f2325279000 r--p 00017000 08:05 2233165                    /lib/x86_64-linux-gnu/libpthread-2.23.so
7f2325279000-7f232527a000 rw-p 00018000 08:05 2233165                    /lib/x86_64-linux-gnu/libpthread-2.23.so
7f232527a000-7f232527e000 rw-p 00000000 00:00 0 
7f232527e000-7f2325281000 r-xp 00000000 08:05 2233171                    /lib/x86_64-linux-gnu/libdl-2.23.so
7f2325281000-7f2325480000 ---p 00003000 08:05 2233171                    /lib/x86_64-linux-gnu/libdl-2.23.so
7f2325480000-7f2325481000 r--p 00002000 08:05 2233171                    /lib/x86_64-linux-gnu/libdl-2.23.so
7f2325481000-7f2325482000 rw-p 00003000 08:05 2233171                    /lib/x86_64-linux-gnu/libdl-2.23.so
7f2325482000-7f2325642000 r-xp 00000000 08:05 2233182                    /lib/x86_64-linux-gnu/libc-2.23.so
7f2325642000-7f2325842000 ---p 001c0000 08:05 2233182                    /lib/x86_64-linux-gnu/libc-2.23.so
7f2325842000-7f2325846000 r--p 001c0000 08:05 2233182                    /lib/x86_64-linux-gnu/libc-2.23.so
7f2325846000-7f2325848000 rw-p 001c4000 08:05 2233182                    /lib/x86_64-linux-gnu/libc-2.23.so
7f2325848000-7f232584c000 rw-p 00000000 00:00 0 
7f232584c000-7f2325862000 r-xp 00000000 08:05 4856081                    /home/tiago/Downloads/android-studio/jre/lib/amd64/jli/libjli.so
7f2325862000-7f2325a61000 ---p 00016000 08:05 4856081                    /home/tiago/Downloads/android-studio/jre/lib/amd64/jli/libjli.so
7f2325a61000-7f2325a62000 r--p 00015000 08:05 4856081                    /home/tiago/Downloads/android-studio/jre/lib/amd64/jli/libjli.so
7f2325a62000-7f2325a63000 rw-p 00016000 08:05 4856081                    /home/tiago/Downloads/android-studio/jre/lib/amd64/jli/libjli.so
7f2325a63000-7f2325a89000 r-xp 00000000 08:05 2228250                    /lib/x86_64-linux-gnu/ld-2.23.so
7f2325a89000-7f2325a8a000 r--s 00000000 08:05 787143                     /home/tiago/.gradle/wrapper/dists/gradle-3.3-all/55gk2rcmfc6p2dg9u9ohc3hw9/gradle-3.3/lib/javax.inject-1.jar
7f2325a8a000-7f2325a8b000 r--s 00000000 08:05 787142                     /home/tiago/.gradle/wrapper/dists/gradle-3.3-all/55gk2rcmfc6p2dg9u9ohc3hw9/gradle-3.3/lib/jcip-annotations-1.0.jar
7f2325a8b000-7f2325a8f000 r--s 00027000 08:05 787141                     /home/tiago/.gradle/wrapper/dists/gradle-3.3-all/55gk2rcmfc6p2dg9u9ohc3hw9/gradle-3.3/lib/commons-io-2.2.jar
7f2325a8f000-7f2325a94000 r--s 00038000 08:05 787137                     /home/tiago/.gradle/wrapper/dists/gradle-3.3-all/55gk2rcmfc6p2dg9u9ohc3hw9/gradle-3.3/lib/asm-all-5.1.jar
7f2325a94000-7f2325a95000 r--s 00001000 08:05 787133                     /home/tiago/.gradle/wrapper/dists/gradle-3.3-all/55gk2rcmfc6p2dg9u9ohc3hw9/gradle-3.3/lib/gradle-process-services-3.3.jar
7f2325a95000-7f2325a97000 r--s 00000000 08:05 787123                     /home/tiago/.gradle/wrapper/dists/gradle-3.3-all/55gk2rcmfc6p2dg9u9ohc3hw9/gradle-3.3/lib/gradle-jvm-services-3.3.jar
7f2325a97000-7f2325a98000 r--s 00000000 08:05 797012                     /home/tiago/.gradle/wrapper/dists/gradle-3.3-all/55gk2rcmfc6p2dg9u9ohc3hw9/gradle-3.3/lib/gradle-version-info-3.3.jar
7f2325a98000-7f2325a9d000 r--s 00041000 08:05 787132                     /home/tiago/.gradle/wrapper/dists/gradle-3.3-all/55gk2rcmfc6p2dg9u9ohc3hw9/gradle-3.3/lib/commons-lang-2.6.jar
7f2325a9d000-7f2325a9e000 r--s 00007000 08:05 787130                     /home/tiago/.gradle/wrapper/dists/gradle-3.3-all/55gk2rcmfc6p2dg9u9ohc3hw9/gradle-3.3/lib/slf4j-api-1.7.10.jar
7f2325a9e000-7f2325b60000 rw-p 00000000 00:00 0 
7f2325b60000-7f2325b63000 ---p 00000000 00:00 0 
7f2325b63000-7f2325c65000 rw-p 00000000 00:00 0 
7f2325c65000-7f2325c66000 r--s 00004000 08:05 787176                     /home/tiago/.gradle/wrapper/dists/gradle-3.3-all/55gk2rcmfc6p2dg9u9ohc3hw9/gradle-3.3/lib/ant-launcher-1.9.6.jar
7f2325c66000-7f2325c6f000 r--s 00042000 08:05 787122                     /home/tiago/.gradle/wrapper/dists/gradle-3.3-all/55gk2rcmfc6p2dg9u9ohc3hw9/gradle-3.3/lib/gradle-base-services-3.3.jar
7f2325c6f000-7f2325c7c000 r--s 0005c000 08:05 787119                     /home/tiago/.gradle/wrapper/dists/gradle-3.3-all/55gk2rcmfc6p2dg9u9ohc3hw9/gradle-3.3/lib/gradle-launcher-3.3.jar
7f2325c7c000-7f2325c84000 rw-s 00000000 08:05 786993                     /tmp/hsperfdata_tiago/3593
7f2325c84000-7f2325c85000 rw-p 00000000 00:00 0 
7f2325c85000-7f2325c86000 ---p 00000000 00:00 0 
7f2325c86000-7f2325c88000 rw-p 00000000 00:00 0 
7f2325c88000-7f2325c89000 r--p 00025000 08:05 2228250                    /lib/x86_64-linux-gnu/ld-2.23.so
7f2325c89000-7f2325c8a000 rw-p 00026000 08:05 2228250                    /lib/x86_64-linux-gnu/ld-2.23.so
7f2325c8a000-7f2325c8b000 rw-p 00000000 00:00 0 
7ffcdf34c000-7ffcdf36d000 rw-p 00000000 00:00 0                          [stack]
7ffcdf39d000-7ffcdf39f000 r--p 00000000 00:00 0                          [vvar]
7ffcdf39f000-7ffcdf3a1000 r-xp 00000000 00:00 0                          [vdso]
ffffffffff600000-ffffffffff601000 r-xp 00000000 00:00 0                  [vsyscall]

VM Arguments:
jvm_args: -Xmx1536m -Dfile.encoding=UTF-8 -Duser.country=US -Duser.language=en -Duser.variant 
java_command: org.gradle.launcher.daemon.bootstrap.GradleDaemon 3.3
java_class_path (initial): /home/tiago/.gradle/wrapper/dists/gradle-3.3-all/55gk2rcmfc6p2dg9u9ohc3hw9/gradle-3.3/lib/gradle-launcher-3.3.jar
Launcher Type: SUN_STANDARD

Environment Variables:
PATH=/home/tiago/bin:/home/tiago/.local/bin:/usr/local/sbin:/usr/local/bin:/usr/sbin:/usr/bin:/sbin:/bin:/usr/games:/usr/local/games
LD_LIBRARY_PATH=/home/tiago/Downloads/android-studio/bin:
SHELL=/bin/bash
DISPLAY=:0

Signal Handlers:
SIGSEGV: [libjvm.so+0x9ebc60], sa_mask[0]=11111111011111111101111111111110, sa_flags=SA_RESTART|SA_SIGINFO
SIGBUS: [libjvm.so+0x9ebc60], sa_mask[0]=11111111011111111101111111111110, sa_flags=SA_RESTART|SA_SIGINFO
SIGFPE: [libjvm.so+0x84cf60], sa_mask[0]=11111111011111111101111111111110, sa_flags=SA_RESTART|SA_SIGINFO
SIGPIPE: [libjvm.so+0x84cf60], sa_mask[0]=11111111011111111101111111111110, sa_flags=SA_RESTART|SA_SIGINFO
SIGXFSZ: [libjvm.so+0x84cf60], sa_mask[0]=11111111011111111101111111111110, sa_flags=SA_RESTART|SA_SIGINFO
SIGILL: [libjvm.so+0x84cf60], sa_mask[0]=11111111011111111101111111111110, sa_flags=SA_RESTART|SA_SIGINFO
SIGUSR1: SIG_DFL, sa_mask[0]=00000000000000000000000000000000, sa_flags=none
SIGUSR2: [libjvm.so+0x84ce30], sa_mask[0]=00100000000000000000000000000000, sa_flags=SA_RESTART|SA_SIGINFO
SIGHUP: [libjvm.so+0x84d020], sa_mask[0]=11111111011111111101111111111110, sa_flags=SA_RESTART|SA_SIGINFO
SIGINT: [libjvm.so+0x84d020], sa_mask[0]=11111111011111111101111111111110, sa_flags=SA_RESTART|SA_SIGINFO
SIGTERM: [libjvm.so+0x84d020], sa_mask[0]=11111111011111111101111111111110, sa_flags=SA_RESTART|SA_SIGINFO
SIGQUIT: [libjvm.so+0x84d020], sa_mask[0]=11111111011111111101111111111110, sa_flags=SA_RESTART|SA_SIGINFO


---------------  S Y S T E M  ---------------

OS:DISTRIB_ID=LinuxMint
DISTRIB_RELEASE=18.2
DISTRIB_CODENAME=sonya
DISTRIB_DESCRIPTION="Linux Mint 18.2 Sonya"

uname:Linux 4.8.0-53-generic #56~16.04.1-Ubuntu SMP Tue May 16 01:18:56 UTC 2017 x86_64
libc:glibc 2.23 NPTL 2.23 
rlimit: STACK 8192k, CORE 0k, NPROC 15156, NOFILE 1048576, AS infinity
load average:4,19 2,11 1,26

/proc/meminfo:
MemTotal:        3925256 kB
MemFree:          119060 kB
MemAvailable:      24644 kB
Buffers:             568 kB
Cached:           351904 kB
SwapCached:            0 kB
Active:          3259400 kB
Inactive:         341024 kB
Active(anon):    3249968 kB
Inactive(anon):   330296 kB
Active(file):       9432 kB
Inactive(file):    10728 kB
Unevictable:         128 kB
Mlocked:             128 kB
SwapTotal:             0 kB
SwapFree:              0 kB
Dirty:              2056 kB
Writeback:             0 kB
AnonPages:       3248256 kB
Mapped:           221928 kB
Shmem:            332136 kB
Slab:              73964 kB
SReclaimable:      35576 kB
SUnreclaim:        38388 kB
KernelStack:       10848 kB
PageTables:        47252 kB
NFS_Unstable:          0 kB
Bounce:                0 kB
WritebackTmp:          0 kB
CommitLimit:     1962628 kB
Committed_AS:    7717840 kB
VmallocTotal:   34359738367 kB
VmallocUsed:           0 kB
VmallocChunk:          0 kB
HardwareCorrupted:     0 kB
AnonHugePages:    540672 kB
ShmemHugePages:        0 kB
ShmemPmdMapped:        0 kB
CmaTotal:              0 kB
CmaFree:               0 kB
HugePages_Total:       0
HugePages_Free:        0
HugePages_Rsvd:        0
HugePages_Surp:        0
Hugepagesize:       2048 kB
DirectMap4k:      164604 kB
DirectMap2M:     3909632 kB


CPU:total 4 (initial active 4) (2 cores per cpu, 2 threads per core) family 6 model 58 stepping 9, cmov, cx8, fxsr, mmx, sse, sse2, sse3, ssse3, sse4.1, sse4.2, popcnt, avx, aes, clmul, erms, ht, tsc, tscinvbit, tscinv

/proc/cpuinfo:
processor	: 0
vendor_id	: GenuineIntel
cpu family	: 6
model		: 58
model name	: Intel(R) Core(TM) i5-3210M CPU @ 2.50GHz
stepping	: 9
microcode	: 0x15
cpu MHz		: 1295.013
cache size	: 3072 KB
physical id	: 0
siblings	: 4
core id		: 0
cpu cores	: 2
apicid		: 0
initial apicid	: 0
fpu		: yes
fpu_exception	: yes
cpuid level	: 13
wp		: yes
flags		: fpu vme de pse tsc msr pae mce cx8 apic sep mtrr pge mca cmov pat pse36 clflush dts acpi mmx fxsr sse sse2 ss ht tm pbe syscall nx rdtscp lm constant_tsc arch_perfmon pebs bts rep_good nopl xtopology nonstop_tsc aperfmperf eagerfpu pni pclmulqdq dtes64 monitor ds_cpl vmx est tm2 ssse3 cx16 xtpr pdcm pcid sse4_1 sse4_2 x2apic popcnt tsc_deadline_timer aes xsave avx f16c rdrand lahf_lm epb tpr_shadow vnmi flexpriority ept vpid fsgsbase smep erms xsaveopt dtherm ida arat pln pts
bugs		:
bogomips	: 4988.25
clflush size	: 64
cache_alignment	: 64
address sizes	: 36 bits physical, 48 bits virtual
power management:

processor	: 1
vendor_id	: GenuineIntel
cpu family	: 6
model		: 58
model name	: Intel(R) Core(TM) i5-3210M CPU @ 2.50GHz
stepping	: 9
microcode	: 0x15
cpu MHz		: 1426.086
cache size	: 3072 KB
physical id	: 0
siblings	: 4
core id		: 0
cpu cores	: 2
apicid		: 1
initial apicid	: 1
fpu		: yes
fpu_exception	: yes
cpuid level	: 13
wp		: yes
flags		: fpu vme de pse tsc msr pae mce cx8 apic sep mtrr pge mca cmov pat pse36 clflush dts acpi mmx fxsr sse sse2 ss ht tm pbe syscall nx rdtscp lm constant_tsc arch_perfmon pebs bts rep_good nopl xtopology nonstop_tsc aperfmperf eagerfpu pni pclmulqdq dtes64 monitor ds_cpl vmx est tm2 ssse3 cx16 xtpr pdcm pcid sse4_1 sse4_2 x2apic popcnt tsc_deadline_timer aes xsave avx f16c rdrand lahf_lm epb tpr_shadow vnmi flexpriority ept vpid fsgsbase smep erms xsaveopt dtherm ida arat pln pts
bugs		:
bogomips	: 4988.25
clflush size	: 64
cache_alignment	: 64
address sizes	: 36 bits physical, 48 bits virtual
power management:

processor	: 2
vendor_id	: GenuineIntel
cpu family	: 6
model		: 58
model name	: Intel(R) Core(TM) i5-3210M CPU @ 2.50GHz
stepping	: 9
microcode	: 0x15
cpu MHz		: 1287.994
cache size	: 3072 KB
physical id	: 0
siblings	: 4
core id		: 1
cpu cores	: 2
apicid		: 2
initial apicid	: 2
fpu		: yes
fpu_exception	: yes
cpuid level	: 13
wp		: yes
flags		: fpu vme de pse tsc msr pae mce cx8 apic sep mtrr pge mca cmov pat pse36 clflush dts acpi mmx fxsr sse sse2 ss ht tm pbe syscall nx rdtscp lm constant_tsc arch_perfmon pebs bts rep_good nopl xtopology nonstop_tsc aperfmperf eagerfpu pni pclmulqdq dtes64 monitor ds_cpl vmx est tm2 ssse3 cx16 xtpr pdcm pcid sse4_1 sse4_2 x2apic popcnt tsc_deadline_timer aes xsave avx f16c rdrand lahf_lm epb tpr_shadow vnmi flexpriority ept vpid fsgsbase smep erms xsaveopt dtherm ida arat pln pts
bugs		:
bogomips	: 4988.25
clflush size	: 64
cache_alignment	: 64
address sizes	: 36 bits physical, 48 bits virtual
power management:

processor	: 3
vendor_id	: GenuineIntel
cpu family	: 6
model		: 58
model name	: Intel(R) Core(TM) i5-3210M CPU @ 2.50GHz
stepping	: 9
microcode	: 0x15
cpu MHz		: 1283.264
cache size	: 3072 KB
physical id	: 0
siblings	: 4
core id		: 1
cpu cores	: 2
apicid		: 3
initial apicid	: 3
fpu		: yes
fpu_exception	: yes
cpuid level	: 13
wp		: yes
flags		: fpu vme de pse tsc msr pae mce cx8 apic sep mtrr pge mca cmov pat pse36 clflush dts acpi mmx fxsr sse sse2 ss ht tm pbe syscall nx rdtscp lm constant_tsc arch_perfmon pebs bts rep_good nopl xtopology nonstop_tsc aperfmperf eagerfpu pni pclmulqdq dtes64 monitor ds_cpl vmx est tm2 ssse3 cx16 xtpr pdcm pcid sse4_1 sse4_2 x2apic popcnt tsc_deadline_timer aes xsave avx f16c rdrand lahf_lm epb tpr_shadow vnmi flexpriority ept vpid fsgsbase smep erms xsaveopt dtherm ida arat pln pts
bugs		:
bogomips	: 4988.25
clflush size	: 64
cache_alignment	: 64
address sizes	: 36 bits physical, 48 bits virtual
power management:



Memory: 4k page, physical 3925256k(119060k free), swap 0k(0k free)

vm_info: OpenJDK 64-Bit Server VM (25.152-b01) for linux-amd64 JRE (1.8.0_152-release-915-b01), built by "builder" with gcc 4.8.4

time: Mon Jan 29 09:56:33 2018
elapsed time: 49 seconds (0d 0h 0m 49s)

